#
# There is insufficient memory for the Java Runtime Environment to continue.
# Native memory allocation (malloc) failed to allocate 522384 bytes for Chunk::new
# Possible reasons:
#   The system is out of physical RAM or swap space
#   The process is running with CompressedOops enabled, and the Java Heap may be blocking the growth of the native heap
# Possible solutions:
#   Reduce memory load on the system
#   Increase physical memory or swap space
#   Check if swap backing store is full
#   Decrease Java heap size (-Xmx/-Xms)
#   Decrease number of Java threads
#   Decrease Java thread stack sizes (-Xss)
#   Set larger code cache with -XX:ReservedCodeCacheSize=
#   JVM is running with Unscaled Compressed Oops mode in which the Java heap is
#     placed in the first 4GB address space. The Java Heap base address is the
#     maximum limit for the native heap growth. Please use -XX:HeapBaseMinAddress
#     to set the Java Heap base and to place the Java Heap above 4GB virtual address.
# This output file may be truncated or incomplete.
#
#  Out of Memory Error (arena.cpp:189), pid=23092, tid=19092
#
# JRE version: OpenJDK Runtime Environment Temurin-17.0.8.1+1 (17.0.8.1+1) (build 17.0.8.1+1)
# Java VM: OpenJDK 64-Bit Server VM Temurin-17.0.8.1+1 (17.0.8.1+1, mixed mode, tiered, compressed oops, compressed class ptrs, parallel gc, windows-amd64)
# No core dump will be written. Minidumps are not enabled by default on client versions of Windows
#

---------------  S U M M A R Y ------------

Command Line: --add-modules=ALL-SYSTEM --add-opens=java.base/java.util=ALL-UNNAMED --add-opens=java.base/java.lang=ALL-UNNAMED --add-opens=java.base/sun.nio.fs=ALL-UNNAMED -Declipse.application=org.eclipse.jdt.ls.core.id1 -Dosgi.bundles.defaultStartLevel=4 -Declipse.product=org.eclipse.jdt.ls.core.product -Djava.import.generatesMetadataFilesAtProjectRoot=false -DDetectVMInstallationsJob.disabled=true -Dfile.encoding=utf8 -XX:+UseParallelGC -XX:GCTimeRatio=4 -XX:AdaptiveSizePolicyWeight=90 -Dsun.zip.disableMemoryMapping=true -Xmx1G -Xms100m -Xlog:disable -javaagent:c:\Users\quent\.vscode\extensions\redhat.java-1.23.0-win32-x64\lombok\lombok-1.18.30.jar -XX:+HeapDumpOnOutOfMemoryError -XX:HeapDumpPath=c:\Users\quent\AppData\Roaming\Code\User\workspaceStorage\f97ab88aceb030c56fd38694aa9d6646\redhat.java -Daether.dependencyCollector.impl=bf c:\Users\quent\.vscode\extensions\redhat.java-1.23.0-win32-x64\server\plugins\org.eclipse.equinox.launcher_1.6.500.v20230717-2134.jar -configuration c:\Users\quent\AppData\Roaming\Code\User\globalStorage\redhat.java\1.23.0\config_win -data c:\Users\quent\AppData\Roaming\Code\User\workspaceStorage\f97ab88aceb030c56fd38694aa9d6646\redhat.java\jdt_ws

Host: Intel(R) Core(TM) i7-10510U CPU @ 1.80GHz, 8 cores, 7G,  Windows 11 , 64 bit Build 22621 (10.0.22621.2215)
Time: Sat Oct  7 14:37:28 2023 Paris, Madrid (heure duild 22621 (10.0.22621.2215) elapsed time: 1.335097 seconds (0d 0h 0m 1s)

---------------  T H R E A D  ---------------

Current thread (0x0000022aab1a63a0):  JavaThread "C2 CompilerThread1" daemon [_thread_in_native, id=19092, stack(0x000000ce13100000,0x000000ce13200000)]


Current CompileTask:
C2:   1335 1484       4       java.io.WinNTFileSystem::normalize (143 bytes)

Stack: [0x000000ce13100000,0x000000ce13200000]
Native frames: (J=compiled Java code, j=interpreted, Vv=VM code, C=native code)
V  [jvm.dll+0x678b0a]
V  [jvm.dll+0x835e84]
V  [jvm.dll+0x83762e]
V  [jvm.dll+0x837c93]
V  [jvm.dll+0x24746f]
V  [jvm.dll+0xac20c]
V  [jvm.dll+0xac7dc]
V  [jvm.dll+0x365ca7]
V  [jvm.dll+0x1bd012]
V  [jvm.dll+0x219d49]
V  [jvm.dll+0x219011]
V  [jvm.dll+0x1a534d]
V  [jvm.dll+0x228d8a]
V  [jvm.dll+0x226dcc]
V  [jvm.dll+0x7ec09b]
V  [jvm.dll+0x7e64ca]
V  [jvm.dll+0x677955]
C  [ucrtbase.dll+0x29363]
C  [KERNEL32.DLL+0x1257d]
C  [ntdll.dll+0x5aa68]


---------------  P R O C E S S  ---------------

Threads class SMR info:
_java_thread_list=0x0000022aac7a2130, length=17, elements={
0x0000022a91c79b90, 0x0000022aa5ae8ea0, 0x0000022aa5ae9b20, 0x0000022aaae5cf30,
0x0000022aaae5d900, 0x0000022aaae5eb70, 0x0000022aaae5fde0, 0x0000022aaae67cc0,
0x0000022aaae74a20, 0x0000022aaae7cf30, 0x0000022aaaf7d6d0, 0x0000022aab1a63a0,
0x0000022aabdc6470, 0x0000022aabe9e400, 0x0000022aac532070, 0x0000022aac532580,
0x0000022aac530c30
}

Java Threads: ( => current thread )
  0x0000022a91c79b90 JavaThread "main" [_thread_blocked, id=12552, stack(0x000000ce12400000,0x000000ce12500000)]
  0x0000022aa5ae8ea0 JavaThread "Reference Handler" daemon [_thread_blocked, id=22004, stack(0x000000ce12700000,0x000000ce12800000)]
  0x0000022aa5ae9b20 JavaThread "Finalizer" daemon [_thread_blocked, id=22804, stack(0x000000ce12800000,0x000000ce12900000)]
  0x0000022aaae5cf30 JavaThread "Signal Dispatcher" daemon [_thread_blocked, id=23208, stack(0x000000ce12900000,0x000000ce12a00000)]
  0x0000022aaae5d900 JavaThread "Attach Listener" daemon [_thread_blocked, id=7728, stack(0x000000ce12a00000,0x000000ce12b00000)]
  0x0000022aaae5eb70 JavaThread "Service Thread" daemon [_thread_blocked, id=8792, stack(0x000000ce12b00000,0x000000ce12c00000)]
  0x0000022aaae5fde0 JavaThread "Monitor Deflation Thread" daemon [_thread_blocked, id=22460, stack(0x000000ce12c00000,0x000000ce12d00000)]
  0x0000022aaae67cc0 JavaThread "C2 CompilerThread0" daemon [_thread_in_native, id=8080, stack(0x000000ce12d00000,0x000000ce12e00000)]
  0x0000022aaae74a20 JavaThread "C1 CompilerThread0" daemon [_thread_blocked, id=1120, stack(0x000000ce12e00000,0x000000ce12f00000)]
  0x0000022aaae7cf30 JavaThread "Sweeper thread" daemon [_thread_blocked, id=11708, stack(0x000000ce12f00000,0x000000ce13000000)]
  0x0000022aaaf7d6d0 JavaThread "Common-Cleaner" daemon [_thread_blocked, id=22596, stack(0x000000ce13000000,0x000000ce13100000)]
=>0x0000022aab1a63a0 JavaThread "C2 CompilerThread1" daemon [_thread_in_native, id=19092, stack(0x000000ce13100000,0x000000ce13200000)]
  0x0000022aabdc6470 JavaThread "Notification Thread" daemon [_thread_blocked, id=22196, stack(0x000000ce13200000,0x000000ce13300000)]
  0x0000022aabe9e400 JavaThread "C2 CompilerThread2" daemon [_thread_in_native, id=15812, stack(0x000000ce13400000,0x000000ce13500000)]
  0x0000022aac532070 JavaThread "Active Thread: Equinox Container: 0fac9813-cae4-42f6-9ea8-4ef00dd088f7" [_thread_blocked, id=15484, stack(0x000000ce13b00000,0x000000ce13c00000)]
  0x0000022aac532580 JavaThread "Framework Event Dispatcher: Equinox Container: 0fac9813-cae4-42f6-9ea8-4ef00dd088f7" daemon [_thread_blocked, id=13056, stack(0x000000ce13c00000,0x000000ce13d00000)]
  0x0000022aac530c30 JavaThread "Start Level: Equinox Container: 0fac9813-cae4-42f6-9ea8-4ef00dd088f7" daemon [_thread_in_vm, id=16692, stack(0x000000ce13d00000,0x000000ce13e00000)]

Other Threads:
  0x0000022a91d04fb0 VMThread "VM Thread" [stack: 0x000000ce12600000,0x000000ce12700000] [id=12472]
  0x0000022aabdc6950 WatcherThread [stack: 0x000000ce13300000,0x000000ce13400000] [id=20344]
  0x0000022a91c90680 GCTaskThread "GC Thread#0" [stack: 0x000000ce12500000,0x000000ce12600000] [id=21384]
  0x0000022aac3108a0 GCTaskThread "GC Thread#1" [stack: 0x000000ce13500000,0x000000ce13600000] [id=25244]
  0x0000022aac064750 GCTaskThread "GC Thread#2" [stack: 0x000000ce13600000,0x000000ce13700000] [id=16476]
  0x0000022aac2fd610 GCTaskThread "GC Thread#3" [stack: 0x000000ce13700000,0x000000ce13800000] [id=12008]
  0x0000022aac22a8d0 GCTaskThread "GC Thread#4" [stack: 0x000000ce13800000,0x000000ce13900000] [id=15128]
  0x0000022aac22b3a0 GCTaskThread "GC Thread#5" [stack: 0x000000ce13900000,0x000000ce13a00000] [id=6916]
  0x0000022aac549020 GCTaskThread "GC Thread#6" [stack: 0x000000ce13a00000,0x000000ce13b00000] [id=12972]

Threads with active compile tasks:
C2 CompilerThread0     1355 1511       4       java.io.WinNTFileSystem::normalize (224 bytes)
C1 CompilerThread0     1355 1539       3       java.util.concurrent.locks.ReentrantLock$Sync::tryRelease (51 bytes)
C2 CompilerThread1     1355 1484       4       java.io.WinNTFileSystem::normalize (143 bytes)
C2 CompilerThread2     1355 1522       4       java.lang.StringLatin1::regionMatchesCI (98 bytes)

VM state: not at safepoint (normal execution)

VM Mutex/Monitor currently owned by a thread: None

Heap address: 0x00000000c0000000, size: 1024 MB, Compressed Oops mode: 32-bit

CDS archive(s) not mapped
Compressed class space mapped at: 0x0000000100000000-0x0000000140000000, reserved size: 1073741824
Narrow klass base: 0x0000000000000000, Narrow klass shift: 3, Narrow klass range: 0x140000000

GC Precious Log:
 CPUs: 8 total, 8 available
 Memory: 7990M
 Large Page Support: Disabled
 NUMA Support: Disabled
 Compressed Oops: Enabled (32-bit)
 Alignments: Space 512K, Generation 512K, Heap 2M
 Heap Min Capacity: 100M
 Heap Initial Capacity: 100M
 Heap Max Capacity: 1G
 Pre-touch: Disabled
 Parallel Workers: 8

Heap:
 PSYoungGen      total 29696K, used 24991K [0x00000000eab00000, 0x00000000ecc00000, 0x0000000100000000)
  eden space 25600K, 85% used [0x00000000eab00000,0x00000000ec04f158,0x00000000ec400000)
  from space 4096K, 77% used [0x00000000ec400000,0x00000000ec718c28,0x00000000ec800000)
  to   space 4096K, 0% used [0x00000000ec800000,0x00000000ec800000,0x00000000ecc00000)
 ParOldGen       total 68608K, used 16K [0x00000000c0000000, 0x00000000c4300000, 0x00000000eab00000)
  object space 68608K, 0% used [0x00000000c0000000,0x00000000c0004000,0x00000000c4300000)
 Metaspace       used 13901K, committed 14080K, reserved 1114112K
  class space    used 1382K, committed 1472K, reserved 1048576K

Card table byte_map: [0x0000022a91640000,0x0000022a91850000] _byte_map_base: 0x0000022a91040000

Marking Bits: (ParMarkBitMap*) 0x00007ffdd60283a0
 Begin Bits: [0x0000022aa38f0000, 0x0000022aa48f0000)
 End Bits:   [0x0000022aa48f0000, 0x0000022aa58f0000)

Polling page: 0x0000022a91430000

Metaspace:

Usage:
  Non-class:     12.23 MB used.
      Class:      1.35 MB used.
       Both:     13.58 MB used.

Virtual space:
  Non-class space:       64.00 MB reserved,      12.31 MB ( 19%) committed,  1 nodes.
      Class space:        1.00 GB reserved,       1.44 MB ( <1%) committed,  1 nodes.
             Both:        1.06 GB reserved,      13.75 MB (  1%) committed. 

Chunk freelists:
   Non-Class:  3.31 MB
       Class:  14.48 MB
        Both:  17.79 MB

MaxMetaspaceSize: unlimited
CompressedClassSpaceSize: 1.00 GB
Initial GC threshold: 21.00 MB
Current GC threshold: 21.00 MB
CDS: off
MetaspaceReclaimPolicy: balanced
 - commit_granule_bytes: 65536.
 - commit_granule_words: 8192.
 - virtual_space_node_default_size: 8388608.
 - enlarge_chunks_in_place: 1.
 - new_chunks_are_fully_committed: 0.
 - uncommit_free_chunks: 1.
 - use_allocation_guard: 0.
 - handle_deallocations: 1.


Internal statistics:

num_allocs_failed_limit: 0.
num_arena_births: 54.
num_arena_deaths: 0.
num_vsnodes_births: 2.
num_vsnodes_deaths: 0.
num_space_committed: 220.
num_space_uncommitted: 0.
num_chunks_returned_to_freelist: 0.
num_chunks_taken_from_freelist: 220.
num_chunk_merges: 0.
num_chunk_splits: 150.
num_chunks_enlarged: 121.
num_inconsistent_stats: 0.

CodeHeap 'non-profiled nmethods': size=120000Kb used=674Kb max_used=674Kb free=119325Kb
 bounds [0x0000022a9c3c0000, 0x0000022a9c630000, 0x0000022aa38f0000]
CodeHeap 'profiled nmethods': size=120000Kb used=2840Kb max_used=2840Kb free=117159Kb
 bounds [0x0000022a948f0000, 0x0000022a94bc0000, 0x0000022a9be20000]
CodeHeap 'non-nmethods': size=5760Kb used=1156Kb max_used=1184Kb free=4603Kb
 bounds [0x0000022a9be20000, 0x0000022a9c090000, 0x0000022a9c3c0000]
 total_blobs=1989 nmethods=1537 adapters=365
 compilation: enabled
              stopped_count=0, restarted_count=0
 full_count=0

Compilation events (20 events):
Event: 1.310 Thread 0x0000022aaae74a20 1502       3       java.io.WinNTFileSystem::resolve (275 bytes)
Event: 1.314 Thread 0x0000022aaae74a20 nmethod 1502 0x0000022a94b91210 code [0x0000022a94b91740, 0x0000022a94b943f8]
Event: 1.314 Thread 0x0000022aaae74a20 1503       3       sun.net.util.IPAddressUtil::scan (62 bytes)
Event: 1.315 Thread 0x0000022aaae74a20 nmethod 1503 0x0000022a94b95610 code [0x0000022a94b95840, 0x0000022a94b96128]
Event: 1.315 Thread 0x0000022aaae67cc0 nmethod 1488% 0x0000022a9c463790 code [0x0000022a9c4639a0, 0x0000022a9c464ba8]
Event: 1.315 Thread 0x0000022aaae67cc0 1504       4       java.util.concurrent.ConcurrentHashMap::get (162 bytes)
Event: 1.316 Thread 0x0000022aaae74a20 1505       3       java.io.File::<init> (111 bytes)
Event: 1.317 Thread 0x0000022aaae74a20 nmethod 1505 0x0000022a94b96510 code [0x0000022a94b967c0, 0x0000022a94b97158]
Event: 1.317 Thread 0x0000022aaae74a20 1506       3       org.eclipse.osgi.internal.framework.EquinoxConfiguration::getProperty (9 bytes)
Event: 1.318 Thread 0x0000022aaae74a20 nmethod 1506 0x0000022a94b97510 code [0x0000022a94b977e0, 0x0000022a94b98598]
Event: 1.318 Thread 0x0000022aaae74a20 1507       3       org.eclipse.osgi.internal.framework.EquinoxConfiguration$ConfigValues::getProperty (31 bytes)
Event: 1.319 Thread 0x0000022aaae74a20 nmethod 1507 0x0000022a94b98a90 code [0x0000022a94b98e40, 0x0000022a94b9a4e8]
Event: 1.319 Thread 0x0000022aaae74a20 1508       3       java.net.URLStreamHandler::<init> (5 bytes)
Event: 1.319 Thread 0x0000022aaae74a20 nmethod 1508 0x0000022a94b9ac10 code [0x0000022a94b9ada0, 0x0000022a94b9aef8]
Event: 1.319 Thread 0x0000022aaae67cc0 nmethod 1504 0x0000022a9c465590 code [0x0000022a9c465720, 0x0000022a9c465a18]
Event: 1.320 Thread 0x0000022aaae74a20 1509       3       sun.net.www.protocol.file.Handler::parseURL (18 bytes)
Event: 1.320 Thread 0x0000022aaae74a20 nmethod 1509 0x0000022a94b9af90 code [0x0000022a94b9b140, 0x0000022a94b9b2f8]
Event: 1.320 Thread 0x0000022aaae74a20 1510       3       java.net.URLStreamHandler::parseURL (1201 bytes)
Event: 1.321 Thread 0x0000022aaae67cc0 1511       4       java.io.WinNTFileSystem::normalize (224 bytes)
Event: 1.323 Thread 0x0000022aabe9e400 nmethod 1498 0x0000022a9c465c90 code [0x0000022a9c465e40, 0x0000022a9c466718]

GC Heap History (2 events):
Event: 0.837 GC heap before
{Heap before GC invocations=1 (full 0):
 PSYoungGen      total 29696K, used 25600K [0x00000000eab00000, 0x00000000ecc00000, 0x0000000100000000)
  eden space 25600K, 100% used [0x00000000eab00000,0x00000000ec400000,0x00000000ec400000)
  from space 4096K, 0% used [0x00000000ec800000,0x00000000ec800000,0x00000000ecc00000)
  to   space 4096K, 0% used [0x00000000ec400000,0x00000000ec400000,0x00000000ec800000)
 ParOldGen       total 68608K, used 0K [0x00000000c0000000, 0x00000000c4300000, 0x00000000eab00000)
  object space 68608K, 0% used [0x00000000c0000000,0x00000000c0000000,0x00000000c4300000)
 Metaspace       used 10983K, committed 11200K, reserved 1114112K
  class space    used 1097K, committed 1216K, reserved 1048576K
}
Event: 0.844 GC heap after
{Heap after GC invocations=1 (full 0):
 PSYoungGen      total 29696K, used 3171K [0x00000000eab00000, 0x00000000ecc00000, 0x0000000100000000)
  eden space 25600K, 0% used [0x00000000eab00000,0x00000000eab00000,0x00000000ec400000)
  from space 4096K, 77% used [0x00000000ec400000,0x00000000ec718c28,0x00000000ec800000)
  to   space 4096K, 0% used [0x00000000ec800000,0x00000000ec800000,0x00000000ecc00000)
 ParOldGen       total 68608K, used 16K [0x00000000c0000000, 0x00000000c4300000, 0x00000000eab00000)
  object space 68608K, 0% used [0x00000000c0000000,0x00000000c0004000,0x00000000c4300000)
 Metaspace       used 10983K, committed 11200K, reserved 1114112K
  class space    used 1097K, committed 1216K, reserved 1048576K
}

Dll operation events (8 events):
Event: 0.018 Loaded shared library c:\Users\quent\.vscode\extensions\redhat.java-1.23.0-win32-x64\jre\17.0.8.1-win32-x86_64\bin\java.dll
Event: 0.197 Loaded shared library c:\Users\quent\.vscode\extensions\redhat.java-1.23.0-win32-x64\jre\17.0.8.1-win32-x86_64\bin\zip.dll
Event: 0.200 Loaded shared library C:\Users\quent\.vscode\extensions\redhat.java-1.23.0-win32-x64\jre\17.0.8.1-win32-x86_64\bin\instrument.dll
Event: 0.215 Loaded shared library C:\Users\quent\.vscode\extensions\redhat.java-1.23.0-win32-x64\jre\17.0.8.1-win32-x86_64\bin\net.dll
Event: 0.218 Loaded shared library C:\Users\quent\.vscode\extensions\redhat.java-1.23.0-win32-x64\jre\17.0.8.1-win32-x86_64\bin\nio.dll
Event: 0.227 Loaded shared library C:\Users\quent\.vscode\extensions\redhat.java-1.23.0-win32-x64\jre\17.0.8.1-win32-x86_64\bin\zip.dll
Event: 0.244 Loaded shared library C:\Users\quent\.vscode\extensions\redhat.java-1.23.0-win32-x64\jre\17.0.8.1-win32-x86_64\bin\jimage.dll
Event: 0.303 Loaded shared library c:\Users\quent\.vscode\extensions\redhat.java-1.23.0-win32-x64\jre\17.0.8.1-win32-x86_64\bin\verify.dll

Deoptimization events (20 events):
Event: 0.997 Thread 0x0000022a91c79b90 DEOPT PACKING pc=0x0000022a949612c5 sp=0x000000ce124f3ea0
Event: 0.997 Thread 0x0000022a91c79b90 DEOPT UNPACKING pc=0x0000022a9be76e43 sp=0x000000ce124f3350 mode 0
Event: 1.004 Thread 0x0000022a91c79b90 DEOPT PACKING pc=0x0000022a949612c5 sp=0x000000ce124f79d0
Event: 1.004 Thread 0x0000022a91c79b90 DEOPT UNPACKING pc=0x0000022a9be76e43 sp=0x000000ce124f6e80 mode 0
Event: 1.017 Thread 0x0000022a91c79b90 DEOPT PACKING pc=0x0000022a949612c5 sp=0x000000ce124f3eb0
Event: 1.017 Thread 0x0000022a91c79b90 DEOPT UNPACKING pc=0x0000022a9be76e43 sp=0x000000ce124f3360 mode 0
Event: 1.035 Thread 0x0000022a91c79b90 DEOPT PACKING pc=0x0000022a949612c5 sp=0x000000ce124f7560
Event: 1.035 Thread 0x0000022a91c79b90 DEOPT UNPACKING pc=0x0000022a9be76e43 sp=0x000000ce124f6a10 mode 0
Event: 1.220 Thread 0x0000022a91c79b90 Uncommon trap: trap_request=0xffffffde fr.pc=0x0000022a9c4274ac relative=0x000000000000096c
Event: 1.220 Thread 0x0000022a91c79b90 Uncommon trap: reason=class_check action=maybe_recompile pc=0x0000022a9c4274ac method=java.util.HashMap.putVal(ILjava/lang/Object;Ljava/lang/Object;ZZ)Ljava/lang/Object; @ 253 c2
Event: 1.220 Thread 0x0000022a91c79b90 DEOPT PACKING pc=0x0000022a9c4274ac sp=0x000000ce124fdf50
Event: 1.220 Thread 0x0000022a91c79b90 DEOPT UNPACKING pc=0x0000022a9be766a3 sp=0x000000ce124fded0 mode 2
Event: 1.222 Thread 0x0000022a91c79b90 Uncommon trap: trap_request=0xffffffde fr.pc=0x0000022a9c4274ac relative=0x000000000000096c
Event: 1.222 Thread 0x0000022a91c79b90 Uncommon trap: reason=class_check action=maybe_recompile pc=0x0000022a9c4274ac method=java.util.HashMap.putVal(ILjava/lang/Object;Ljava/lang/Object;ZZ)Ljava/lang/Object; @ 253 c2
Event: 1.222 Thread 0x0000022a91c79b90 DEOPT PACKING pc=0x0000022a9c4274ac sp=0x000000ce124fdf50
Event: 1.222 Thread 0x0000022a91c79b90 DEOPT UNPACKING pc=0x0000022a9be766a3 sp=0x000000ce124fded0 mode 2
Event: 1.321 Thread 0x0000022a91c79b90 DEOPT PACKING pc=0x0000022a949dffc3 sp=0x000000ce124fe570
Event: 1.321 Thread 0x0000022a91c79b90 DEOPT UNPACKING pc=0x0000022a9be76e43 sp=0x000000ce124fda90 mode 0
Event: 1.330 Thread 0x0000022a91c79b90 DEOPT PACKING pc=0x0000022a949dffc3 sp=0x000000ce124fe570
Event: 1.330 Thread 0x0000022a91c79b90 DEOPT UNPACKING pc=0x0000022a9be76e43 sp=0x000000ce124fda90 mode 0

Classes unloaded (0 events):
No events

Classes redefined (0 events):
No events

Internal exceptions (20 events):
Event: 0.537 Thread 0x0000022a91c79b90 Exception <a 'java/io/FileNotFoundException'{0x00000000eb86c3f8}> (0x00000000eb86c3f8) 
thrown [s\src\hotspot\share\prims\jni.cpp, line 516]
Event: 0.537 Thread 0x0000022a91c79b90 Exception <a 'java/io/FileNotFoundException'{0x00000000eb86d518}> (0x00000000eb86d518) 
thrown [s\src\hotspot\share\prims\jni.cpp, line 516]
Event: 0.538 Thread 0x0000022a91c79b90 Exception <a 'java/io/FileNotFoundException'{0x00000000eb86e608}> (0x00000000eb86e608) 
thrown [s\src\hotspot\share\prims\jni.cpp, line 516]
Event: 0.545 Thread 0x0000022a91c79b90 Exception <a 'java/io/FileNotFoundException'{0x00000000eb8a9420}> (0x00000000eb8a9420) 
thrown [s\src\hotspot\share\prims\jni.cpp, line 516]
Event: 0.717 Thread 0x0000022a91c79b90 Exception <a 'java/lang/ClassNotFoundException'{0x00000000ec0aee20}: sun/net/www/protocol/c/Handler> (0x00000000ec0aee20) 
thrown [s\src\hotspot\share\classfile\systemDictionary.cpp, line 256]
Event: 0.717 Thread 0x0000022a91c79b90 Exception <a 'java/lang/ClassNotFoundException'{0x00000000ec0b0180}: sun/net/www/protocol/c/Handler> (0x00000000ec0b0180) 
thrown [s\src\hotspot\share\classfile\systemDictionary.cpp, line 256]
Event: 0.718 Thread 0x0000022a91c79b90 Exception <a 'java/lang/ClassNotFoundException'{0x00000000ec0b1320}: sun/net/www/protocol/c/Handler> (0x00000000ec0b1320) 
thrown [s\src\hotspot\share\classfile\systemDictionary.cpp, line 256]
Event: 0.727 Thread 0x0000022a91c79b90 Exception <a 'java/io/FileNotFoundException'{0x00000000ec0d7e78}> (0x00000000ec0d7e78) 
thrown [s\src\hotspot\share\prims\jni.cpp, line 516]
Event: 0.766 Thread 0x0000022a91c79b90 Implicit null exception at 0x0000022a9c417a80 to 0x0000022a9c4184f4
Event: 0.766 Thread 0x0000022a91c79b90 Implicit null exception at 0x0000022a9c40e0ec to 0x0000022a9c40e2dc
Event: 0.766 Thread 0x0000022a91c79b90 Implicit null exception at 0x0000022a9c40fa6c to 0x0000022a9c40fc58
Event: 0.767 Thread 0x0000022a91c79b90 Implicit null exception at 0x0000022a9c40438f to 0x0000022a9c404409
Event: 0.819 Thread 0x0000022a91c79b90 Exception <a 'java/lang/NoSuchMethodError'{0x00000000ec3a3c68}: 'int java.lang.invoke.DirectMethodHandle$Holder.invokeStaticInit(java.lang.Object, java.lang.Object, java.lang.Object, java.lang.Object)'> (0x00000000ec3a3c68) 
thrown [s\src\hotspot\share\interpreter\linkResolver.cpp, line 759]
Event: 0.821 Thread 0x0000022a91c79b90 Exception <a 'java/lang/NoSuchMethodError'{0x00000000ec3ae2d8}: 'java.lang.Object java.lang.invoke.DirectMethodHandle$Holder.invokeInterface(java.lang.Object, java.lang.Object)'> (0x00000000ec3ae2d8) 
thrown [s\src\hotspot\share\interpreter\linkResolver.cpp, line 759]
Event: 0.822 Thread 0x0000022a91c79b90 Exception <a 'java/lang/IncompatibleClassChangeError'{0x00000000ec3b1ad0}: Found class java.lang.Object, but interface was expected> (0x00000000ec3b1ad0) 
thrown [s\src\hotspot\share\interpreter\linkResolver.cpp, line 826]
Event: 0.822 Thread 0x0000022a91c79b90 Exception <a 'java/lang/NoSuchMethodError'{0x00000000ec3b5fc8}: 'void java.lang.invoke.DirectMethodHandle$Holder.invokeStatic(java.lang.Object, java.lang.Object)'> (0x00000000ec3b5fc8) 
thrown [s\src\hotspot\share\interpreter\linkResolver.cpp, line 759]
Event: 0.823 Thread 0x0000022a91c79b90 Exception <a 'java/lang/NoSuchMethodError'{0x00000000ec3b97c8}: 'void java.lang.invoke.DirectMethodHandle$Holder.invokeStaticInit(java.lang.Object, java.lang.Object)'> (0x00000000ec3b97c8) 
thrown [s\src\hotspot\share\interpreter\linkResolver.cpp, line 759]
Event: 0.825 Thread 0x0000022a91c79b90 Exception <a 'java/lang/NoSuchMethodError'{0x00000000ec3c0c60}: 'int java.lang.invoke.DirectMethodHandle$Holder.invokeStaticInit(java.lang.Object, java.lang.Object)'> (0x00000000ec3c0c60) 
thrown [s\src\hotspot\share\interpreter\linkResolver.cpp, line 759]
Event: 0.881 Thread 0x0000022a91c79b90 Exception <a 'java/lang/NoSuchMethodError'{0x00000000eac486e8}: 'void java.lang.invoke.DirectMethodHandle$Holder.invokeSpecial(java.lang.Object, java.lang.Object, java.lang.Object)'> (0x00000000eac486e8) 
thrown [s\src\hotspot\share\interpreter\linkResolver.cpp, line 759]
Event: 1.205 Thread 0x0000022a91c79b90 Exception <a 'java/lang/NoSuchMethodError'{0x00000000eb9dfc28}: 'java.lang.Object java.lang.invoke.DirectMethodHandle$Holder.newInvokeSpecial(java.lang.Object, int, java.lang.Object)'> (0x00000000eb9dfc28) 
thrown [s\src\hotspot\share\interpreter\linkResolver.cpp, line 759]

VM Operations (20 events):
Event: 0.516 Executing VM operation: HandshakeAllThreads
Event: 0.516 Executing VM operation: HandshakeAllThreads done
Event: 0.529 Executing VM operation: HandshakeAllThreads
Event: 0.529 Executing VM operation: HandshakeAllThreads done
Event: 0.680 Executing VM operation: ICBufferFull
Event: 0.680 Executing VM operation: ICBufferFull done
Event: 0.696 Executing VM operation: HandshakeAllThreads
Event: 0.696 Executing VM operation: HandshakeAllThreads done
Event: 0.837 Executing VM operation: ParallelGCFailedAllocation
Event: 0.844 Executing VM operation: ParallelGCFailedAllocation done
Event: 1.184 Executing VM operation: HandshakeAllThreads
Event: 1.184 Executing VM operation: HandshakeAllThreads done
Event: 1.185 Executing VM operation: HandshakeAllThreads
Event: 1.185 Executing VM operation: HandshakeAllThreads done
Event: 1.190 Executing VM operation: HandshakeAllThreads
Event: 1.190 Executing VM operation: HandshakeAllThreads done
Event: 1.201 Executing VM operation: HandshakeAllThreads
Event: 1.201 Executing VM operation: HandshakeAllThreads done
Event: 1.333 Executing VM operation: ICBufferFull
Event: 1.333 Executing VM operation: ICBufferFull done

Events (20 events):
Event: 1.225 loading class java/net/ContentHandlerFactory
Event: 1.225 loading class java/net/ContentHandlerFactory done
Event: 1.229 loading class java/net/ContentHandler
Event: 1.229 loading class java/net/ContentHandler done
Event: 1.241 loading class javax/xml/parsers/ParserConfigurationException
Event: 1.241 loading class javax/xml/parsers/ParserConfigurationException done
Event: 1.244 loading class java/security/KeyStoreException
Event: 1.244 loading class java/security/KeyStoreException done
Event: 1.267 loading class java/util/LinkedList$Node
Event: 1.267 loading class java/util/LinkedList$Node done
Event: 1.267 loading class java/util/LinkedList$ListItr
Event: 1.267 loading class java/util/LinkedList$ListItr done
Event: 1.276 loading class sun/nio/fs/WindowsChannelFactory
Event: 1.276 loading class sun/nio/fs/WindowsChannelFactory done
Event: 1.276 loading class sun/nio/fs/WindowsChannelFactory$1
Event: 1.276 loading class sun/nio/fs/WindowsChannelFactory$1 done
Event: 1.276 loading class sun/nio/fs/WindowsChannelFactory$Flags
Event: 1.276 loading class sun/nio/fs/WindowsChannelFactory$Flags done
Event: 1.276 loading class sun/nio/ch/FileChannelImpl$Closer
Event: 1.276 loading class sun/nio/ch/FileChannelImpl$Closer done


Dynamic libraries:
0x00007ff7d4450000 - 0x00007ff7d445e000 	c:\Users\quent\.vscode\extensions\redhat.java-1.23.0-win32-x64\jre\17.0.8.1-win32-x86_64\bin\java.exe
0x00007ffe1d010000 - 0x00007ffe1d224000 	C:\WINDOWS\SYSTEM32\ntdll.dll
0x00007ffe1c1f0000 - 0x00007ffe1c2b4000 	C:\WINDOWS\System32\KERNEL32.DLL
0x00007ffe1a9f0000 - 0x00007ffe1ad94000 	C:\WINDOWS\System32\KERNELBASE.dll
0x00007ffe1a3c0000 - 0x00007ffe1a4d1000 	C:\WINDOWS\System32\ucrtbase.dll
0x00007ffe11170000 - 0x00007ffe11187000 	c:\Users\quent\.vscode\extensions\redhat.java-1.23.0-win32-x64\jre\17.0.8.1-win32-x86_64\bin\jli.dll
0x00007ffe14120000 - 0x00007ffe14139000 	c:\Users\quent\.vscode\extensions\redhat.java-1.23.0-win32-x64\jre\17.0.8.1-win32-x86_64\bin\VCRUNTIME140.dll
0x00007ffe1ada0000 - 0x00007ffe1af4e000 	C:\WINDOWS\System32\USER32.dll
0x00007ffe1a880000 - 0x00007ffe1a8a6000 	C:\WINDOWS\System32\win32u.dll
0x00007ffe1c0e0000 - 0x00007ffe1c109000 	C:\WINDOWS\System32\GDI32.dll
0x00007ffe1a760000 - 0x00007ffe1a878000 	C:\WINDOWS\System32\gdi32full.dll
0x00007ffe1a550000 - 0x00007ffe1a5ea000 	C:\WINDOWS\System32\msvcp_win.dll
0x00007ffe083a0000 - 0x00007ffe08633000 	C:\WINDOWS\WinSxS\amd64_microsoft.windows.common-controls_6595b64144ccf1df_6.0.22621.2215_none_270d72677387dfc3\COMCTL32.dll
0x00007ffe1cd30000 - 0x00007ffe1cdd7000 	C:\WINDOWS\System32\msvcrt.dll
0x00007ffe1bd00000 - 0x00007ffe1bd31000 	C:\WINDOWS\System32\IMM32.DLL
0x00007ffe12980000 - 0x00007ffe1298c000 	c:\Users\quent\.vscode\extensions\redhat.java-1.23.0-win32-x64\jre\17.0.8.1-win32-x86_64\bin\vcruntime140_1.dll
0x00007ffdedc70000 - 0x00007ffdedd01000 	c:\Users\quent\.vscode\extensions\redhat.java-1.23.0-win32-x64\jre\17.0.8.1-win32-x86_64\bin\msvcp140.dll
0x00007ffdd54a0000 - 0x00007ffdd60ec000 	c:\Users\quent\.vscode\extensions\redhat.java-1.23.0-win32-x64\jre\17.0.8.1-win32-x86_64\bin\server\jvm.dll
0x00007ffe1c2d0000 - 0x00007ffe1c380000 	C:\WINDOWS\System32\ADVAPI32.dll
0x00007ffe1b200000 - 0x00007ffe1b2a6000 	C:\WINDOWS\System32\sechost.dll
0x00007ffe1cbb0000 - 0x00007ffe1ccc7000 	C:\WINDOWS\System32\RPCRT4.dll
0x00007ffe19270000 - 0x00007ffe192bd000 	C:\WINDOWS\SYSTEM32\POWRPROF.dll
0x00007ffe064f0000 - 0x00007ffe064f9000 	C:\WINDOWS\SYSTEM32\WSOCK32.dll
0x00007ffe1cee0000 - 0x00007ffe1cf51000 	C:\WINDOWS\System32\WS2_32.dll
0x00007ffe101c0000 - 0x00007ffe101f4000 	C:\WINDOWS\SYSTEM32\WINMM.dll
0x00007ffe0f800000 - 0x00007ffe0f80a000 	C:\WINDOWS\SYSTEM32\VERSION.dll
0x00007ffe19250000 - 0x00007ffe19263000 	C:\WINDOWS\SYSTEM32\UMPDC.dll
0x00007ffe19500000 - 0x00007ffe19518000 	C:\WINDOWS\SYSTEM32\kernel.appcore.dll
0x00007ffe12220000 - 0x00007ffe1222a000 	c:\Users\quent\.vscode\extensions\redhat.java-1.23.0-win32-x64\jre\17.0.8.1-win32-x86_64\bin\jimage.dll
0x00007ffe14850000 - 0x00007ffe14a7e000 	C:\WINDOWS\SYSTEM32\DBGHELP.DLL
0x00007ffe1bd40000 - 0x00007ffe1c0ca000 	C:\WINDOWS\System32\combase.dll
0x00007ffe1c110000 - 0x00007ffe1c1e7000 	C:\WINDOWS\System32\OLEAUT32.dll
0x00007ffdf6f70000 - 0x00007ffdf6fa2000 	C:\WINDOWS\SYSTEM32\dbgcore.DLL
0x00007ffe1a970000 - 0x00007ffe1a9ea000 	C:\WINDOWS\System32\bcryptPrimitives.dll
0x00007ffe117e0000 - 0x00007ffe117ee000 	c:\Users\quent\.vscode\extensions\redhat.java-1.23.0-win32-x64\jre\17.0.8.1-win32-x86_64\bin\instrument.dll
0x00007ffe102d0000 - 0x00007ffe102f5000 	c:\Users\quent\.vscode\extensions\redhat.java-1.23.0-win32-x64\jre\17.0.8.1-win32-x86_64\bin\java.dll
0x00007ffe0f6b0000 - 0x00007ffe0f6c8000 	c:\Users\quent\.vscode\extensions\redhat.java-1.23.0-win32-x64\jre\17.0.8.1-win32-x86_64\bin\zip.dll
0x00007ffe1c380000 - 0x00007ffe1cba3000 	C:\WINDOWS\System32\SHELL32.dll
0x00007ffe18360000 - 0x00007ffe18c4a000 	C:\WINDOWS\SYSTEM32\windows.storage.dll
0x00007ffe18220000 - 0x00007ffe1835e000 	C:\WINDOWS\SYSTEM32\wintypes.dll
0x00007ffe1cde0000 - 0x00007ffe1ced3000 	C:\WINDOWS\System32\SHCORE.dll
0x00007ffe1ccd0000 - 0x00007ffe1cd2e000 	C:\WINDOWS\System32\shlwapi.dll
0x00007ffe1a2f0000 - 0x00007ffe1a316000 	C:\WINDOWS\SYSTEM32\profapi.dll
0x00007ffe0f1e0000 - 0x00007ffe0f1f9000 	C:\Users\quent\.vscode\extensions\redhat.java-1.23.0-win32-x64\jre\17.0.8.1-win32-x86_64\bin\net.dll
0x00007ffe11fc0000 - 0x00007ffe120f7000 	C:\WINDOWS\SYSTEM32\WINHTTP.dll
0x00007ffe19980000 - 0x00007ffe199e9000 	C:\WINDOWS\system32\mswsock.dll
0x00007ffe08690000 - 0x00007ffe086a5000 	C:\Users\quent\.vscode\extensions\redhat.java-1.23.0-win32-x64\jre\17.0.8.1-win32-x86_64\bin\nio.dll
0x00007ffe11200000 - 0x00007ffe11210000 	c:\Users\quent\.vscode\extensions\redhat.java-1.23.0-win32-x64\jre\17.0.8.1-win32-x86_64\bin\verify.dll
0x00007ffdf9230000 - 0x00007ffdf926e000 	C:\Users\quent\AppData\Roaming\Code\User\globalStorage\redhat.java\1.23.0\config_win\org.eclipse.equinox.launcher\org.eclipse.equinox.launcher.win32.win32.x86_64_1.2.700.v20221108-1024\eclipse_11801.dll
0x00007ffe1b480000 - 0x00007ffe1b61e000 	C:\WINDOWS\System32\ole32.dll

dbghelp: loaded successfully - version: 4.0.5 - missing functions: none
symbol engine: initialized successfully - sym options: 0x614 - pdb path: .;c:\Users\quent\.vscode\extensions\redhat.java-1.23.0-win32-x64\jre\17.0.8.1-win32-x86_64\bin;C:\WINDOWS\SYSTEM32;C:\WINDOWS\WinSxS\amd64_microsoft.windows.common-controls_6595b64144ccf1df_6.0.22621.2215_none_270d72677387dfc3;c:\Users\quent\.vscode\extensions\redhat.java-1.23.0-win32-x64\jre\17.0.8.1-win32-x86_64\bin\server;C:\Users\quent\AppData\Roaming\Code\User\globalStorage\redhat.java\1.23.0\config_win\org.eclipse.equinox.launcher\org.eclipse.equinox.launcher.win32.win32.x86_64_1.2.700.v20221108-1024

VM Arguments:
jvm_args: --add-modules=ALL-SYSTEM --add-opens=java.base/java.util=ALL-UNNAMED --add-opens=java.base/java.lang=ALL-UNNAMED --add-opens=java.base/sun.nio.fs=ALL-UNNAMED -Declipse.application=org.eclipse.jdt.ls.core.id1 -Dosgi.bundles.defaultStartLevel=4 -Declipse.product=org.eclipse.jdt.ls.core.product -Djava.import.generatesMetadataFilesAtProjectRoot=false -DDetectVMInstallationsJob.disabled=true -Dfile.encoding=utf8 -XX:+UseParallelGC -XX:GCTimeRatio=4 -XX:AdaptiveSizePolicyWeight=90 -Dsun.zip.disableMemoryMapping=true -Xmx1G -Xms100m -Xlog:disable -javaagent:c:\Users\quent\.vscode\extensions\redhat.java-1.23.0-win32-x64\lombok\lombok-1.18.30.jar -XX:+HeapDumpOnOutOfMemoryError -XX:HeapDumpPath=c:\Users\quent\AppData\Roaming\Code\User\workspaceStorage\f97ab88aceb030c56fd38694aa9d6646\redhat.java -Daether.dependencyCollector.impl=bf 
java_command: c:\Users\quent\.vscode\extensions\redhat.java-1.23.0-win32-x64\server\plugins\org.eclipse.equinox.launcher_1.6.500.v20230717-2134.jar -configuration c:\Users\quent\AppData\Roaming\Code\User\globalStorage\redhat.java\1.23.0\config_win -data c:\Users\quent\AppData\Roaming\Code\User\workspaceStorage\f97ab88aceb030c56fd38694aa9d6646\redhat.java\jdt_ws
java_class_path (initial): c:\Users\quent\.vscode\extensions\redhat.java-1.23.0-win32-x64\server\plugins\org.eclipse.equinox.launcher_1.6.500.v20230717-2134.jar
Launcher Type: SUN_STANDARD

[Global flags]
    uintx AdaptiveSizePolicyWeight                 = 90                                        {product} {command line}
     intx CICompilerCount                          = 4                                         {product} {ergonomic}
    uintx GCTimeRatio                              = 4                                         {product} {command line}
     bool HeapDumpOnOutOfMemoryError               = true                                   {manageable} {command line}
    ccstr HeapDumpPath                             = c:\Users\quent\AppData\Roaming\Code\User\workspaceStorage\f97ab88aceb030c56fd38694aa9d6646\redhat.java         {manageable} {command line}
   size_t InitialHeapSize                          = 104857600                                 {product} {command line}
   size_t MaxHeapSize                              = 1073741824                                {product} {command line}
   size_t MaxNewSize                               = 357564416                                 {product} {ergonomic}
   size_t MinHeapDeltaBytes                        = 524288                                    {product} {ergonomic}
   size_t MinHeapSize                              = 104857600                                 {product} {command line}
   size_t NewSize                                  = 34603008                                  {product} {ergonomic}
    uintx NonNMethodCodeHeapSize                   = 5839372                                {pd product} {ergonomic}
    uintx NonProfiledCodeHeapSize                  = 122909434                              {pd product} {ergonomic}
   size_t OldSize                                  = 70254592                                  {product} {ergonomic}
    uintx ProfiledCodeHeapSize                     = 122909434                              {pd product} {ergonomic}
    uintx ReservedCodeCacheSize                    = 251658240                              {pd product} {ergonomic}
     bool SegmentedCodeCache                       = true                                      {product} {ergonomic}
   size_t SoftMaxHeapSize                          = 1073741824                             {manageable} {ergonomic}
     bool UseCompressedClassPointers               = true                           {product lp64_product} {ergonomic}
     bool UseCompressedOops                        = true                           {product lp64_product} {ergonomic}
     bool UseLargePagesIndividualAllocation        = false                                  {pd product} {ergonomic}
     bool UseParallelGC                            = true                                      {product} {command line}

Logging:
Log output configuration:
 #0: stdout all=off uptime,level,tags
 #1: stderr all=off uptime,level,tags

Environment Variables:
JAVA_HOME=C:\Program Files\Java\jdk-19
PATH=C:\Program Files\Common Files\Oracle\Java\javapath;C:\Program Files (x86)\Common Files\Oracle\Java\javapath;C:\Program Files\Java\jdk-19\bin;C:\WINDOWS\system32;C:\WINDOWS;C:\WINDOWS\System32\Wbem;C:\WINDOWS\System32\WindowsPowerShell\v1.0\;C:\WINDOWS\System32\OpenSSH\;C:\Program Files\dotnet\;C:\Program Files\Git\cmd;C:\Users\quent\AppData\Local\Microsoft\WindowsApps;C:\Users\quent\AppData\Local\Programs\Microsoft VS Code\bin;C:\Users\quent\.dotnet\tools;C:\Users\quent\AppData\Local\atom\bin;C:\mingw32\bin;C:\SFML-2.5.1\bin;C:\Users\quent\Documents\Code\gradle-8.0.2\bin;
USERNAME=quent
OS=Windows_NT
PROCESSOR_IDENTIFIER=Intel64 Family 6 Model 142 Stepping 12, GenuineIntel
TMP=C:\Users\quent\AppData\Local\Temp
TEMP=C:\Users\quent\AppData\Local\Temp



---------------  S Y S T E M  ---------------

OS:
 Windows 11 , 64 bit Build 22621 (10.0.22621.2215)
OS uptime: 1 days 17:36 hours

CPU: total 8 (initial active 8) (4 cores per cpu, 2 threads per core) family 6 model 142 stepping 12 microcode 0xde, cx8, cmov, fxsr, ht, mmx, 3dnowpref, sse, sse2, sse3, ssse3, sse4.1, sse4.2, popcnt, lzcnt, tsc, tscinvbit, avx, avx2, aes, erms, clmul, bmi1, bmi2, adx, fma, vzeroupper, clflush, clflushopt
Processor Information for all 8 processors :
  Max Mhz: 2304, Current Mhz: 1803, Mhz Limit: 1797

Memory: 4k page, system-wide physical 7990M (630M free)
TotalPageFile size 32566M (AvailPageFile size 1M)
current process WorkingSet (physical memory assigned to process): 89M, peak: 89M
current process commit charge ("private bytes"): 210M, peak: 210M

vm_info: OpenJDK 64-Bit Server VM (17.0.8.1+1) for windows-amd64 JRE (17.0.8.1+1), built on Aug 23 2023 15:29:17 by "admin" with MS VC++ 16.7 (VS2019)

END.
