#
# There is insufficient memory for the Java Runtime Environment to continue.
# Native memory allocation (mmap) failed to map 65536 bytes for Failed to commit metaspace.
# Possible reasons:
#   The system is out of physical RAM or swap space
#   The process is running with CompressedOops enabled, and the Java Heap may be blocking the growth of the native heap
# Possible solutions:
#   Reduce memory load on the system
#   Increase physical memory or swap space
#   Check if swap backing store is full
#   Decrease Java heap size (-Xmx/-Xms)
#   Decrease number of Java threads
#   Decrease Java thread stack sizes (-Xss)
#   Set larger code cache with -XX:ReservedCodeCacheSize=
#   JVM is running with Unscaled Compressed Oops mode in which the Java heap is
#     placed in the first 4GB address space. The Java Heap base address is the
#     maximum limit for the native heap growth. Please use -XX:HeapBaseMinAddress
#     to set the Java Heap base and to place the Java Heap above 4GB virtual address.
# This output file may be truncated or incomplete.
#
#  Out of Memory Error (virtualSpaceNode.cpp:110), pid=11528, tid=14444
#
# JRE version: OpenJDK Runtime Environment Temurin-17.0.8.1+1 (17.0.8.1+1) (build 17.0.8.1+1)
# Java VM: OpenJDK 64-Bit Server VM Temurin-17.0.8.1+1 (17.0.8.1+1, mixed mode, tiered, compressed oops, compressed class ptrs, parallel gc, windows-amd64)
# No core dump will be written. Minidumps are not enabled by default on client versions of Windows
#

---------------  S U M M A R Y ------------

Command Line: --add-modules=ALL-SYSTEM --add-opens=java.base/java.util=ALL-UNNAMED --add-opens=java.base/java.lang=ALL-UNNAMED --add-opens=java.base/sun.nio.fs=ALL-UNNAMED -Declipse.application=org.eclipse.jdt.ls.core.id1 -Dosgi.bundles.defaultStartLevel=4 -Declipse.product=org.eclipse.jdt.ls.core.product -Djava.import.generatesMetadataFilesAtProjectRoot=false -DDetectVMInstallationsJob.disabled=true -Dfile.encoding=utf8 -XX:+UseParallelGC -XX:GCTimeRatio=4 -XX:AdaptiveSizePolicyWeight=90 -Dsun.zip.disableMemoryMapping=true -Xmx1G -Xms100m -Xlog:disable -javaagent:c:\Users\quent\.vscode\extensions\redhat.java-1.23.0-win32-x64\lombok\lombok-1.18.30.jar -XX:+HeapDumpOnOutOfMemoryError -XX:HeapDumpPath=c:\Users\quent\AppData\Roaming\Code\User\workspaceStorage\f97ab88aceb030c56fd38694aa9d6646\redhat.java -Daether.dependencyCollector.impl=bf c:\Users\quent\.vscode\extensions\redhat.java-1.23.0-win32-x64\server\plugins\org.eclipse.equinox.launcher_1.6.500.v20230717-2134.jar -configuration c:\Users\quent\AppData\Roaming\Code\User\globalStorage\redhat.java\1.23.0\config_win -data c:\Users\quent\AppData\Roaming\Code\User\workspaceStorage\f97ab88aceb030c56fd38694aa9d6646\redhat.java\jdt_ws

Host: Intel(R) Core(TM) i7-10510U CPU @ 1.80GHz, 8 cores, 7G,  Windows 11 , 64 bit Build 22621 (10.0.22621.2215)
Time: Sat Oct  7 14:37:28 2023 Paris, Madrid (heure duild 22621 (10.0.22621.2215) elapsed time: 0.175463 seconds (0d 0h 0m 0s)

---------------  T H R E A D  ---------------

Current thread (0x00000200666fa490):  JavaThread "main" [_thread_in_vm, id=14444, stack(0x000000ca14300000,0x000000ca14400000)]

Stack: [0x000000ca14300000,0x000000ca14400000]
Native frames: (J=compiled Java code, j=interpreted, Vv=VM code, C=native code)
V  [jvm.dll+0x678b0a]
V  [jvm.dll+0x835e84]
V  [jvm.dll+0x83762e]
V  [jvm.dll+0x837c93]
V  [jvm.dll+0x24746f]
V  [jvm.dll+0x831f1b]
V  [jvm.dll+0x61d3c6]
V  [jvm.dll+0x61d42a]
V  [jvm.dll+0x61fc5a]
V  [jvm.dll+0x61dd66]
V  [jvm.dll+0x23b9ff]
V  [jvm.dll+0x627c05]
V  [jvm.dll+0x1eb90b]
V  [jvm.dll+0x1ebe45]
V  [jvm.dll+0x1ec87f]
V  [jvm.dll+0x1e1d21]
V  [jvm.dll+0x53fba0]
V  [jvm.dll+0x1f2607]
V  [jvm.dll+0x7b06ab]
V  [jvm.dll+0x7b1a52]
V  [jvm.dll+0x7b1d88]
V  [jvm.dll+0x23f76e]
V  [jvm.dll+0x23f9bf]
V  [jvm.dll+0x55d3f8]
V  [jvm.dll+0x5602a7]
V  [jvm.dll+0x385914]
V  [jvm.dll+0x384f7f]
C  0x0000020072099ca3

Java frames: (J=compiled Java code, j=interpreted, Vv=VM code)
j  java.lang.String.newStringUTF8NoRepl([BII)Ljava/lang/String;+23 java.base@17.0.8.1
j  java.lang.System$2.newStringUTF8NoRepl([BII)Ljava/lang/String;+3 java.base@17.0.8.1
j  java.util.zip.ZipCoder$UTF8ZipCoder.toString([BII)Ljava/lang/String;+6 java.base@17.0.8.1
j  java.util.zip.ZipFile.getEntryName(I)Ljava/lang/String;+38 java.base@17.0.8.1
j  java.util.zip.ZipFile.getManifestName(Z)Ljava/lang/String;+41 java.base@17.0.8.1
j  java.util.zip.ZipFile$1.getManifestName(Ljava/util/jar/JarFile;Z)Ljava/lang/String;+2 java.base@17.0.8.1
j  java.util.jar.JarFile.getManEntry()Ljava/util/jar/JarEntry;+12 java.base@17.0.8.1
j  java.util.jar.JarFile.checkForSpecialAttributes()V+23 java.base@17.0.8.1
j  java.util.jar.JarFile.isMultiRelease()Z+16 java.base@17.0.8.1
j  java.util.jar.JarFile.getEntry(Ljava/lang/String;)Ljava/util/zip/ZipEntry;+1 java.base@17.0.8.1
j  java.util.jar.JarFile.getJarEntry(Ljava/lang/String;)Ljava/util/jar/JarEntry;+2 java.base@17.0.8.1
j  jdk.internal.util.jar.JarIndex.getJarIndex(Ljava/util/jar/JarFile;)Ljdk/internal/util/jar/JarIndex;+5 java.base@17.0.8.1
j  jdk.internal.loader.URLClassPath$JarLoader$1.run()Ljava/lang/Void;+72 java.base@17.0.8.1
j  jdk.internal.loader.URLClassPath$JarLoader$1.run()Ljava/lang/Object;+1 java.base@17.0.8.1
j  java.security.AccessController.executePrivileged(Ljava/security/PrivilegedExceptionAction;Ljava/security/AccessControlContext;Ljava/lang/Class;)Ljava/lang/Object;+29 java.base@17.0.8.1
j  java.security.AccessController.doPrivileged(Ljava/security/PrivilegedExceptionAction;Ljava/security/AccessControlContext;)Ljava/lang/Object;+13 java.base@17.0.8.1
j  jdk.internal.loader.URLClassPath$JarLoader.ensureOpen()V+19 java.base@17.0.8.1
j  jdk.internal.loader.URLClassPath$JarLoader.<init>(Ljava/net/URL;Ljava/net/URLStreamHandler;Ljava/util/HashMap;Ljava/security/AccessControlContext;)V+63 java.base@17.0.8.1
j  jdk.internal.loader.URLClassPath$3.run()Ljdk/internal/loader/URLClassPath$Loader;+168 java.base@17.0.8.1
j  jdk.internal.loader.URLClassPath$3.run()Ljava/lang/Object;+1 java.base@17.0.8.1
j  java.security.AccessController.executePrivileged(Ljava/security/PrivilegedExceptionAction;Ljava/security/AccessControlContext;Ljava/lang/Class;)Ljava/lang/Object;+29 java.base@17.0.8.1
j  java.security.AccessController.doPrivileged(Ljava/security/PrivilegedExceptionAction;Ljava/security/AccessControlContext;)Ljava/lang/Object;+13 java.base@17.0.8.1
j  jdk.internal.loader.URLClassPath.getLoader(Ljava/net/URL;)Ljdk/internal/loader/URLClassPath$Loader;+13 java.base@17.0.8.1
j  jdk.internal.loader.URLClassPath.getLoader(I)Ljdk/internal/loader/URLClassPath$Loader;+81 java.base@17.0.8.1
j  jdk.internal.loader.URLClassPath.getResource(Ljava/lang/String;Z)Ljdk/internal/loader/Resource;+42 java.base@17.0.8.1
j  jdk.internal.loader.BuiltinClassLoader.findClassOnClassPathOrNull(Ljava/lang/String;)Ljava/lang/Class;+26 java.base@17.0.8.1
j  jdk.internal.loader.BuiltinClassLoader.loadClassOrNull(Ljava/lang/String;Z)Ljava/lang/Class;+111 java.base@17.0.8.1
j  jdk.internal.loader.BuiltinClassLoader.loadClass(Ljava/lang/String;Z)Ljava/lang/Class;+3 java.base@17.0.8.1
j  jdk.internal.loader.ClassLoaders$AppClassLoader.loadClass(Ljava/lang/String;Z)Ljava/lang/Class;+36 java.base@17.0.8.1
j  java.lang.ClassLoader.loadClass(Ljava/lang/String;)Ljava/lang/Class;+3 java.base@17.0.8.1
j  sun.instrument.InstrumentationImpl.loadClassAndStartAgent(Ljava/lang/String;Ljava/lang/String;Ljava/lang/String;)V+8 java.instrument@17.0.8.1
j  sun.instrument.InstrumentationImpl.loadClassAndCallPremain(Ljava/lang/String;Ljava/lang/String;)V+6 java.instrument@17.0.8.1
v  ~StubRoutines::call_stub

---------------  P R O C E S S  ---------------

Threads class SMR info:
_java_thread_list=0x000002007d655050, length=12, elements={
0x00000200666fa490, 0x000002007c4af010, 0x000002007c4b0bb0, 0x000002007c4bb2d0,
0x000002007c4bce70, 0x000002007d536de0, 0x000002007d5363c0, 0x000002007d53db80,
0x000002007d53ec30, 0x000002007d535eb0, 0x000002007d534050, 0x000002007d6ea8a0
}

Java Threads: ( => current thread )
=>0x00000200666fa490 JavaThread "main" [_thread_in_vm, id=14444, stack(0x000000ca14300000,0x000000ca14400000)]
  0x000002007c4af010 JavaThread "Reference Handler" daemon [_thread_blocked, id=5348, stack(0x000000ca14600000,0x000000ca14700000)]
  0x000002007c4b0bb0 JavaThread "Finalizer" daemon [_thread_blocked, id=15820, stack(0x000000ca14700000,0x000000ca14800000)]
  0x000002007c4bb2d0 JavaThread "Signal Dispatcher" daemon [_thread_blocked, id=6992, stack(0x000000ca14800000,0x000000ca14900000)]
  0x000002007c4bce70 JavaThread "Attach Listener" daemon [_thread_blocked, id=20224, stack(0x000000ca14900000,0x000000ca14a00000)]
  0x000002007d536de0 JavaThread "Service Thread" daemon [_thread_blocked, id=5704, stack(0x000000ca14a00000,0x000000ca14b00000)]
  0x000002007d5363c0 JavaThread "Monitor Deflation Thread" daemon [_thread_blocked, id=8040, stack(0x000000ca14b00000,0x000000ca14c00000)]
  0x000002007d53db80 JavaThread "C2 CompilerThread0" daemon [_thread_blocked, id=12372, stack(0x000000ca14c00000,0x000000ca14d00000)]
  0x000002007d53ec30 JavaThread "C1 CompilerThread0" daemon [_thread_blocked, id=19696, stack(0x000000ca14d00000,0x000000ca14e00000)]
  0x000002007d535eb0 JavaThread "Sweeper thread" daemon [_thread_blocked, id=17752, stack(0x000000ca14e00000,0x000000ca14f00000)]
  0x000002007d534050 JavaThread "Common-Cleaner" daemon [_thread_blocked, id=2812, stack(0x000000ca14f00000,0x000000ca15000000)]
  0x000002007d6ea8a0 JavaThread "C2 CompilerThread1" daemon [_thread_blocked, id=8580, stack(0x000000ca15000000,0x000000ca15100000)]

Other Threads:
  0x000002007c3a7560 VMThread "VM Thread" [stack: 0x000000ca14500000,0x000000ca14600000] [id=11704]
  0x0000020066710c50 GCTaskThread "GC Thread#0" [stack: 0x000000ca14400000,0x000000ca14500000] [id=9860]

Threads with active compile tasks:

VM state: not at safepoint (normal execution)

VM Mutex/Monitor currently owned by a thread:  ([mutex/lock_event])
[0x00000200666f4e50] Metaspace_lock - owner thread: 0x00000200666fa490

Heap address: 0x00000000c0000000, size: 1024 MB, Compressed Oops mode: 32-bit

CDS archive(s) not mapped
Compressed class space mapped at: 0x0000000100000000-0x0000000140000000, reserved size: 1073741824
Narrow klass base: 0x0000000000000000, Narrow klass shift: 3, Narrow klass range: 0x140000000

GC Precious Log:
 CPUs: 8 total, 8 available
 Memory: 7990M
 Large Page Support: Disabled
 NUMA Support: Disabled
 Compressed Oops: Enabled (32-bit)
 Alignments: Space 512K, Generation 512K, Heap 2M
 Heap Min Capacity: 100M
 Heap Initial Capacity: 100M
 Heap Max Capacity: 1G
 Pre-touch: Disabled
 Parallel Workers: 8

Heap:
 PSYoungGen      total 29696K, used 2560K [0x00000000eab00000, 0x00000000ecc00000, 0x0000000100000000)
  eden space 25600K, 10% used [0x00000000eab00000,0x00000000ead803d0,0x00000000ec400000)
  from space 4096K, 0% used [0x00000000ec800000,0x00000000ec800000,0x00000000ecc00000)
  to   space 4096K, 0% used [0x00000000ec400000,0x00000000ec400000,0x00000000ec800000)
 ParOldGen       total 68608K, used 0K [0x00000000c0000000, 0x00000000c4300000, 0x00000000eab00000)
  object space 68608K, 0% used [0x00000000c0000000,0x00000000c0000000,0x00000000c4300000)
 Metaspace       used 5163K, committed 5248K, reserved 1114112K
  class space    used 488K, committed 512K, reserved 1048576K

Card table byte_map: [0x0000020079d30000,0x0000020079f40000] _byte_map_base: 0x0000020079730000

Marking Bits: (ParMarkBitMap*) 0x00007ffdd60283a0
 Begin Bits: [0x000002007a0a0000, 0x000002007b0a0000)
 End Bits:   [0x000002007b0a0000, 0x000002007c0a0000)

Polling page: 0x00000200667b0000

Metaspace:

Usage:
  Non-class:      4.56 MB used.
      Class:    488.85 KB used.
       Both:      5.04 MB used.

Virtual space:
  Non-class space:       64.00 MB reserved,       4.62 MB (  7%) committed,  1 nodes.
      Class space:        1.00 GB reserved,     512.00 KB ( <1%) committed,  1 nodes.
             Both:        1.06 GB reserved,       5.12 MB ( <1%) committed. 

Chunk freelists:
   Non-Class:  11.00 MB
       Class:  15.51 MB
        Both:  26.51 MB

MaxMetaspaceSize: unlimited
CompressedClassSpaceSize: 1.00 GB
Initial GC threshold: 21.00 MB
Current GC threshold: 21.00 MB
CDS: off
MetaspaceReclaimPolicy: balanced
 - commit_granule_bytes: 65536.
 - commit_granule_words: 8192.
 - virtual_space_node_default_size: 8388608.
 - enlarge_chunks_in_place: 1.
 - new_chunks_are_fully_committed: 0.
 - uncommit_free_chunks: 1.
 - use_allocation_guard: 0.
 - handle_deallocations: 1.


Internal statistics:

num_allocs_failed_limit: 0.
num_arena_births: 6.
num_arena_deaths: 0.
num_vsnodes_births: 2.
num_vsnodes_deaths: 0.
num_space_committed: 82.
num_space_uncommitted: 0.
num_chunks_returned_to_freelist: 0.
num_chunks_taken_from_freelist: 12.
num_chunk_merges: 0.
num_chunk_splits: 5.
num_chunks_enlarged: 2.
num_inconsistent_stats: 0.

CodeHeap 'non-profiled nmethods': size=120000Kb used=60Kb max_used=60Kb free=119939Kb
 bounds [0x0000020072620000, 0x0000020072890000, 0x0000020079b50000]
CodeHeap 'profiled nmethods': size=120000Kb used=205Kb max_used=205Kb free=119794Kb
 bounds [0x000002006ab50000, 0x000002006adc0000, 0x0000020072080000]
CodeHeap 'non-nmethods': size=5760Kb used=1086Kb max_used=1086Kb free=4673Kb
 bounds [0x0000020072080000, 0x00000200722f0000, 0x0000020072620000]
 total_blobs=552 nmethods=189 adapters=278
 compilation: enabled
              stopped_count=0, restarted_count=0
 full_count=0

Compilation events (20 events):
Event: 0.150 Thread 0x000002007d53ec30 nmethod 179 0x000002006ab7fc90 code [0x000002006ab7fe20, 0x000002006ab7fff8]
Event: 0.150 Thread 0x000002007d53ec30  182       3       jdk.internal.org.objectweb.asm.SymbolTable$Entry::<init> (17 bytes)
Event: 0.150 Thread 0x000002007d53ec30 nmethod 182 0x000002006ab80090 code [0x000002006ab80240, 0x000002006ab803c8]
Event: 0.150 Thread 0x000002007d53ec30  181       3       jdk.internal.org.objectweb.asm.ByteVector::putByte (39 bytes)
Event: 0.150 Thread 0x000002007d53ec30 nmethod 181 0x000002006ab80490 code [0x000002006ab80640, 0x000002006ab80828]
Event: 0.150 Thread 0x000002007d53ec30  180       1       java.lang.Class::getModule (5 bytes)
Event: 0.150 Thread 0x000002007d53ec30 nmethod 180 0x000002007262d890 code [0x000002007262da20, 0x000002007262daf8]
Event: 0.150 Thread 0x000002007d53ec30  184       3       java.lang.String::substring (58 bytes)
Event: 0.151 Thread 0x000002007d53ec30 nmethod 184 0x000002006ab80990 code [0x000002006ab80b80, 0x000002006ab81028]
Event: 0.151 Thread 0x000002007d53ec30  185       3       java.lang.String::checkBoundsBeginEnd (63 bytes)
Event: 0.151 Thread 0x000002007d53ec30 nmethod 185 0x000002006ab81210 code [0x000002006ab814a0, 0x000002006ab81d78]
Event: 0.155 Thread 0x000002007d53db80 nmethod 165 0x000002007262df90 code [0x000002007262e160, 0x000002007262e878]
Event: 0.158 Thread 0x000002007d53db80  186       4       java.lang.String::charAt (25 bytes)
Event: 0.158 Thread 0x000002007d53ec30  187       3       java.lang.AbstractStringBuilder::append (77 bytes)
Event: 0.159 Thread 0x000002007d53ec30 nmethod 187 0x000002006ab82110 code [0x000002006ab82320, 0x000002006ab829a8]
Event: 0.159 Thread 0x000002007d53db80 nmethod 186 0x000002007262ed90 code [0x000002007262ef00, 0x000002007262efd8]
Event: 0.159 Thread 0x000002007d53ec30  188       3       java.io.WinNTFileSystem::isSlash (18 bytes)
Event: 0.159 Thread 0x000002007d53ec30 nmethod 188 0x000002006ab82c10 code [0x000002006ab82da0, 0x000002006ab82f38]
Event: 0.162 Thread 0x000002007d53ec30  189       3       java.lang.String::indexOf (7 bytes)
Event: 0.162 Thread 0x000002007d53ec30 nmethod 189 0x000002006ab83010 code [0x000002006ab831e0, 0x000002006ab834f8]

GC Heap History (0 events):
No events

Dll operation events (5 events):
Event: 0.009 Loaded shared library c:\Users\quent\.vscode\extensions\redhat.java-1.23.0-win32-x64\jre\17.0.8.1-win32-x86_64\bin\java.dll
Event: 0.152 Loaded shared library c:\Users\quent\.vscode\extensions\redhat.java-1.23.0-win32-x64\jre\17.0.8.1-win32-x86_64\bin\zip.dll
Event: 0.154 Loaded shared library C:\Users\quent\.vscode\extensions\redhat.java-1.23.0-win32-x64\jre\17.0.8.1-win32-x86_64\bin\instrument.dll
Event: 0.167 Loaded shared library C:\Users\quent\.vscode\extensions\redhat.java-1.23.0-win32-x64\jre\17.0.8.1-win32-x86_64\bin\net.dll
Event: 0.168 Loaded shared library C:\Users\quent\.vscode\extensions\redhat.java-1.23.0-win32-x64\jre\17.0.8.1-win32-x86_64\bin\nio.dll

Deoptimization events (0 events):
No events

Classes unloaded (0 events):
No events

Classes redefined (0 events):
No events

Internal exceptions (1 events):
Event: 0.131 Thread 0x00000200666fa490 Exception <a 'java/lang/NoSuchMethodError'{0x00000000eacb24e8}: 'void java.lang.invoke.DirectMethodHandle$Holder.invokeStatic(java.lang.Object, java.lang.Object, java.lang.Object)'> (0x00000000eacb24e8) 
thrown [s\src\hotspot\share\interpreter\linkResolver.cpp, line 759]

VM Operations (2 events):
Event: 0.135 Executing VM operation: HandshakeAllThreads
Event: 0.135 Executing VM operation: HandshakeAllThreads done

Events (20 events):
Event: 0.172 loading class sun/nio/ch/DirectBuffer done
Event: 0.172 loading class java/nio/DirectByteBuffer
Event: 0.172 loading class java/nio/MappedByteBuffer
Event: 0.172 loading class java/nio/MappedByteBuffer done
Event: 0.172 loading class java/nio/DirectByteBuffer done
Event: 0.172 loading class java/nio/Bits
Event: 0.172 loading class java/nio/Bits done
Event: 0.172 loading class java/util/concurrent/atomic/AtomicLong
Event: 0.172 loading class java/util/concurrent/atomic/AtomicLong done
Event: 0.172 loading class java/nio/Bits$1
Event: 0.172 loading class jdk/internal/misc/VM$BufferPool
Event: 0.172 loading class jdk/internal/misc/VM$BufferPool done
Event: 0.172 loading class java/nio/Bits$1 done
Event: 0.172 loading class java/nio/DirectLongBufferU
Event: 0.173 loading class java/nio/LongBuffer
Event: 0.173 loading class java/nio/LongBuffer done
Event: 0.173 loading class java/nio/DirectLongBufferU done
Event: 0.173 loading class jdk/internal/util/jar/JarIndex
Event: 0.173 loading class jdk/internal/util/jar/JarIndex done
Event: 0.173 loading class java/lang/StringCoding


Dynamic libraries:
0x00007ff7d4450000 - 0x00007ff7d445e000 	c:\Users\quent\.vscode\extensions\redhat.java-1.23.0-win32-x64\jre\17.0.8.1-win32-x86_64\bin\java.exe
0x00007ffe1d010000 - 0x00007ffe1d224000 	C:\WINDOWS\SYSTEM32\ntdll.dll
0x00007ffe1c1f0000 - 0x00007ffe1c2b4000 	C:\WINDOWS\System32\KERNEL32.DLL
0x00007ffe1a9f0000 - 0x00007ffe1ad94000 	C:\WINDOWS\System32\KERNELBASE.dll
0x00007ffe1a3c0000 - 0x00007ffe1a4d1000 	C:\WINDOWS\System32\ucrtbase.dll
0x00007ffe11170000 - 0x00007ffe11187000 	c:\Users\quent\.vscode\extensions\redhat.java-1.23.0-win32-x64\jre\17.0.8.1-win32-x86_64\bin\jli.dll
0x00007ffe14120000 - 0x00007ffe14139000 	c:\Users\quent\.vscode\extensions\redhat.java-1.23.0-win32-x64\jre\17.0.8.1-win32-x86_64\bin\VCRUNTIME140.dll
0x00007ffe1ada0000 - 0x00007ffe1af4e000 	C:\WINDOWS\System32\USER32.dll
0x00007ffe083a0000 - 0x00007ffe08633000 	C:\WINDOWS\WinSxS\amd64_microsoft.windows.common-controls_6595b64144ccf1df_6.0.22621.2215_none_270d72677387dfc3\COMCTL32.dll
0x00007ffe1a880000 - 0x00007ffe1a8a6000 	C:\WINDOWS\System32\win32u.dll
0x00007ffe1cd30000 - 0x00007ffe1cdd7000 	C:\WINDOWS\System32\msvcrt.dll
0x00007ffe1c0e0000 - 0x00007ffe1c109000 	C:\WINDOWS\System32\GDI32.dll
0x00007ffe1a760000 - 0x00007ffe1a878000 	C:\WINDOWS\System32\gdi32full.dll
0x00007ffe1a550000 - 0x00007ffe1a5ea000 	C:\WINDOWS\System32\msvcp_win.dll
0x00007ffe1bd00000 - 0x00007ffe1bd31000 	C:\WINDOWS\System32\IMM32.DLL
0x00007ffe12980000 - 0x00007ffe1298c000 	c:\Users\quent\.vscode\extensions\redhat.java-1.23.0-win32-x64\jre\17.0.8.1-win32-x86_64\bin\vcruntime140_1.dll
0x00007ffdedc70000 - 0x00007ffdedd01000 	c:\Users\quent\.vscode\extensions\redhat.java-1.23.0-win32-x64\jre\17.0.8.1-win32-x86_64\bin\msvcp140.dll
0x00007ffdd54a0000 - 0x00007ffdd60ec000 	c:\Users\quent\.vscode\extensions\redhat.java-1.23.0-win32-x64\jre\17.0.8.1-win32-x86_64\bin\server\jvm.dll
0x00007ffe1c2d0000 - 0x00007ffe1c380000 	C:\WINDOWS\System32\ADVAPI32.dll
0x00007ffe1b200000 - 0x00007ffe1b2a6000 	C:\WINDOWS\System32\sechost.dll
0x00007ffe1cbb0000 - 0x00007ffe1ccc7000 	C:\WINDOWS\System32\RPCRT4.dll
0x00007ffe064f0000 - 0x00007ffe064f9000 	C:\WINDOWS\SYSTEM32\WSOCK32.dll
0x00007ffe19270000 - 0x00007ffe192bd000 	C:\WINDOWS\SYSTEM32\POWRPROF.dll
0x00007ffe101c0000 - 0x00007ffe101f4000 	C:\WINDOWS\SYSTEM32\WINMM.dll
0x00007ffe1cee0000 - 0x00007ffe1cf51000 	C:\WINDOWS\System32\WS2_32.dll
0x00007ffe0f800000 - 0x00007ffe0f80a000 	C:\WINDOWS\SYSTEM32\VERSION.dll
0x00007ffe19250000 - 0x00007ffe19263000 	C:\WINDOWS\SYSTEM32\UMPDC.dll
0x00007ffe19500000 - 0x00007ffe19518000 	C:\WINDOWS\SYSTEM32\kernel.appcore.dll
0x00007ffe12220000 - 0x00007ffe1222a000 	c:\Users\quent\.vscode\extensions\redhat.java-1.23.0-win32-x64\jre\17.0.8.1-win32-x86_64\bin\jimage.dll
0x00007ffe14850000 - 0x00007ffe14a7e000 	C:\WINDOWS\SYSTEM32\DBGHELP.DLL
0x00007ffe1bd40000 - 0x00007ffe1c0ca000 	C:\WINDOWS\System32\combase.dll
0x00007ffe1c110000 - 0x00007ffe1c1e7000 	C:\WINDOWS\System32\OLEAUT32.dll
0x00007ffdf6f70000 - 0x00007ffdf6fa2000 	C:\WINDOWS\SYSTEM32\dbgcore.DLL
0x00007ffe1a970000 - 0x00007ffe1a9ea000 	C:\WINDOWS\System32\bcryptPrimitives.dll
0x00007ffe117e0000 - 0x00007ffe117ee000 	c:\Users\quent\.vscode\extensions\redhat.java-1.23.0-win32-x64\jre\17.0.8.1-win32-x86_64\bin\instrument.dll
0x00007ffe102d0000 - 0x00007ffe102f5000 	c:\Users\quent\.vscode\extensions\redhat.java-1.23.0-win32-x64\jre\17.0.8.1-win32-x86_64\bin\java.dll
0x00007ffe0f6b0000 - 0x00007ffe0f6c8000 	c:\Users\quent\.vscode\extensions\redhat.java-1.23.0-win32-x64\jre\17.0.8.1-win32-x86_64\bin\zip.dll
0x00007ffe1c380000 - 0x00007ffe1cba3000 	C:\WINDOWS\System32\SHELL32.dll
0x00007ffe18360000 - 0x00007ffe18c4a000 	C:\WINDOWS\SYSTEM32\windows.storage.dll
0x00007ffe18220000 - 0x00007ffe1835e000 	C:\WINDOWS\SYSTEM32\wintypes.dll
0x00007ffe1cde0000 - 0x00007ffe1ced3000 	C:\WINDOWS\System32\SHCORE.dll
0x00007ffe1ccd0000 - 0x00007ffe1cd2e000 	C:\WINDOWS\System32\shlwapi.dll
0x00007ffe1a2f0000 - 0x00007ffe1a316000 	C:\WINDOWS\SYSTEM32\profapi.dll
0x00007ffe0f1e0000 - 0x00007ffe0f1f9000 	C:\Users\quent\.vscode\extensions\redhat.java-1.23.0-win32-x64\jre\17.0.8.1-win32-x86_64\bin\net.dll
0x00007ffe11fc0000 - 0x00007ffe120f7000 	C:\WINDOWS\SYSTEM32\WINHTTP.dll
0x00007ffe19980000 - 0x00007ffe199e9000 	C:\WINDOWS\system32\mswsock.dll
0x00007ffe08690000 - 0x00007ffe086a5000 	C:\Users\quent\.vscode\extensions\redhat.java-1.23.0-win32-x64\jre\17.0.8.1-win32-x86_64\bin\nio.dll

dbghelp: loaded successfully - version: 4.0.5 - missing functions: none
symbol engine: initialized successfully - sym options: 0x614 - pdb path: .;c:\Users\quent\.vscode\extensions\redhat.java-1.23.0-win32-x64\jre\17.0.8.1-win32-x86_64\bin;C:\WINDOWS\SYSTEM32;C:\WINDOWS\WinSxS\amd64_microsoft.windows.common-controls_6595b64144ccf1df_6.0.22621.2215_none_270d72677387dfc3;c:\Users\quent\.vscode\extensions\redhat.java-1.23.0-win32-x64\jre\17.0.8.1-win32-x86_64\bin\server

VM Arguments:
jvm_args: --add-modules=ALL-SYSTEM --add-opens=java.base/java.util=ALL-UNNAMED --add-opens=java.base/java.lang=ALL-UNNAMED --add-opens=java.base/sun.nio.fs=ALL-UNNAMED -Declipse.application=org.eclipse.jdt.ls.core.id1 -Dosgi.bundles.defaultStartLevel=4 -Declipse.product=org.eclipse.jdt.ls.core.product -Djava.import.generatesMetadataFilesAtProjectRoot=false -DDetectVMInstallationsJob.disabled=true -Dfile.encoding=utf8 -XX:+UseParallelGC -XX:GCTimeRatio=4 -XX:AdaptiveSizePolicyWeight=90 -Dsun.zip.disableMemoryMapping=true -Xmx1G -Xms100m -Xlog:disable -javaagent:c:\Users\quent\.vscode\extensions\redhat.java-1.23.0-win32-x64\lombok\lombok-1.18.30.jar -XX:+HeapDumpOnOutOfMemoryError -XX:HeapDumpPath=c:\Users\quent\AppData\Roaming\Code\User\workspaceStorage\f97ab88aceb030c56fd38694aa9d6646\redhat.java -Daether.dependencyCollector.impl=bf 
java_command: c:\Users\quent\.vscode\extensions\redhat.java-1.23.0-win32-x64\server\plugins\org.eclipse.equinox.launcher_1.6.500.v20230717-2134.jar -configuration c:\Users\quent\AppData\Roaming\Code\User\globalStorage\redhat.java\1.23.0\config_win -data c:\Users\quent\AppData\Roaming\Code\User\workspaceStorage\f97ab88aceb030c56fd38694aa9d6646\redhat.java\jdt_ws
java_class_path (initial): c:\Users\quent\.vscode\extensions\redhat.java-1.23.0-win32-x64\server\plugins\org.eclipse.equinox.launcher_1.6.500.v20230717-2134.jar
Launcher Type: SUN_STANDARD

[Global flags]
    uintx AdaptiveSizePolicyWeight                 = 90                                        {product} {command line}
     intx CICompilerCount                          = 4                                         {product} {ergonomic}
    uintx GCTimeRatio                              = 4                                         {product} {command line}
     bool HeapDumpOnOutOfMemoryError               = true                                   {manageable} {command line}
    ccstr HeapDumpPath                             = c:\Users\quent\AppData\Roaming\Code\User\workspaceStorage\f97ab88aceb030c56fd38694aa9d6646\redhat.java         {manageable} {command line}
   size_t InitialHeapSize                          = 104857600                                 {product} {command line}
   size_t MaxHeapSize                              = 1073741824                                {product} {command line}
   size_t MaxNewSize                               = 357564416                                 {product} {ergonomic}
   size_t MinHeapDeltaBytes                        = 524288                                    {product} {ergonomic}
   size_t MinHeapSize                              = 104857600                                 {product} {command line}
   size_t NewSize                                  = 34603008                                  {product} {ergonomic}
    uintx NonNMethodCodeHeapSize                   = 5839372                                {pd product} {ergonomic}
    uintx NonProfiledCodeHeapSize                  = 122909434                              {pd product} {ergonomic}
   size_t OldSize                                  = 70254592                                  {product} {ergonomic}
    uintx ProfiledCodeHeapSize                     = 122909434                              {pd product} {ergonomic}
    uintx ReservedCodeCacheSize                    = 251658240                              {pd product} {ergonomic}
     bool SegmentedCodeCache                       = true                                      {product} {ergonomic}
   size_t SoftMaxHeapSize                          = 1073741824                             {manageable} {ergonomic}
     bool UseCompressedClassPointers               = true                           {product lp64_product} {ergonomic}
     bool UseCompressedOops                        = true                           {product lp64_product} {ergonomic}
     bool UseLargePagesIndividualAllocation        = false                                  {pd product} {ergonomic}
     bool UseParallelGC                            = true                                      {product} {command line}

Logging:
Log output configuration:
 #0: stdout all=off uptime,level,tags
 #1: stderr all=off uptime,level,tags

Environment Variables:
JAVA_HOME=C:\Program Files\Java\jdk-19
PATH=C:\Program Files\Common Files\Oracle\Java\javapath;C:\Program Files (x86)\Common Files\Oracle\Java\javapath;C:\Program Files\Java\jdk-19\bin;C:\WINDOWS\system32;C:\WINDOWS;C:\WINDOWS\System32\Wbem;C:\WINDOWS\System32\WindowsPowerShell\v1.0\;C:\WINDOWS\System32\OpenSSH\;C:\Program Files\dotnet\;C:\Program Files\Git\cmd;C:\Users\quent\AppData\Local\Microsoft\WindowsApps;C:\Users\quent\AppData\Local\Programs\Microsoft VS Code\bin;C:\Users\quent\.dotnet\tools;C:\Users\quent\AppData\Local\atom\bin;C:\mingw32\bin;C:\SFML-2.5.1\bin;C:\Users\quent\Documents\Code\gradle-8.0.2\bin;
USERNAME=quent
OS=Windows_NT
PROCESSOR_IDENTIFIER=Intel64 Family 6 Model 142 Stepping 12, GenuineIntel
TMP=C:\Users\quent\AppData\Local\Temp
TEMP=C:\Users\quent\AppData\Local\Temp



---------------  S Y S T E M  ---------------

OS:
 Windows 11 , 64 bit Build 22621 (10.0.22621.2215)
OS uptime: 1 days 17:36 hours

CPU: total 8 (initial active 8) (4 cores per cpu, 2 threads per core) family 6 model 142 stepping 12 microcode 0xde, cx8, cmov, fxsr, ht, mmx, 3dnowpref, sse, sse2, sse3, ssse3, sse4.1, sse4.2, popcnt, lzcnt, tsc, tscinvbit, avx, avx2, aes, erms, clmul, bmi1, bmi2, adx, fma, vzeroupper, clflush, clflushopt
Processor Information for all 8 processors :
  Max Mhz: 2304, Current Mhz: 1803, Mhz Limit: 1797

Memory: 4k page, system-wide physical 7990M (644M free)
TotalPageFile size 32566M (AvailPageFile size 3M)
current process WorkingSet (physical memory assigned to process): 32M, peak: 32M
current process commit charge ("private bytes"): 184M, peak: 185M

vm_info: OpenJDK 64-Bit Server VM (17.0.8.1+1) for windows-amd64 JRE (17.0.8.1+1), built on Aug 23 2023 15:29:17 by "admin" with MS VC++ 16.7 (VS2019)

END.
