#
# There is insufficient memory for the Java Runtime Environment to continue.
# Native memory allocation (malloc) failed to allocate 1243536 bytes for Chunk::new
# Possible reasons:
#   The system is out of physical RAM or swap space
#   The process is running with CompressedOops enabled, and the Java Heap may be blocking the growth of the native heap
# Possible solutions:
#   Reduce memory load on the system
#   Increase physical memory or swap space
#   Check if swap backing store is full
#   Decrease Java heap size (-Xmx/-Xms)
#   Decrease number of Java threads
#   Decrease Java thread stack sizes (-Xss)
#   Set larger code cache with -XX:ReservedCodeCacheSize=
#   JVM is running with Unscaled Compressed Oops mode in which the Java heap is
#     placed in the first 4GB address space. The Java Heap base address is the
#     maximum limit for the native heap growth. Please use -XX:HeapBaseMinAddress
#     to set the Java Heap base and to place the Java Heap above 4GB virtual address.
# This output file may be truncated or incomplete.
#
#  Out of Memory Error (arena.cpp:189), pid=7064, tid=3700
#
# JRE version: OpenJDK Runtime Environment Temurin-17.0.8.1+1 (17.0.8.1+1) (build 17.0.8.1+1)
# Java VM: OpenJDK 64-Bit Server VM Temurin-17.0.8.1+1 (17.0.8.1+1, mixed mode, tiered, compressed oops, compressed class ptrs, parallel gc, windows-amd64)
# No core dump will be written. Minidumps are not enabled by default on client versions of Windows
#

---------------  S U M M A R Y ------------

Command Line: --add-modules=ALL-SYSTEM --add-opens=java.base/java.util=ALL-UNNAMED --add-opens=java.base/java.lang=ALL-UNNAMED --add-opens=java.base/sun.nio.fs=ALL-UNNAMED -Declipse.application=org.eclipse.jdt.ls.core.id1 -Dosgi.bundles.defaultStartLevel=4 -Declipse.product=org.eclipse.jdt.ls.core.product -Djava.import.generatesMetadataFilesAtProjectRoot=false -DDetectVMInstallationsJob.disabled=true -Dfile.encoding=utf8 -XX:+UseParallelGC -XX:GCTimeRatio=4 -XX:AdaptiveSizePolicyWeight=90 -Dsun.zip.disableMemoryMapping=true -Xmx1G -Xms100m -Xlog:disable -javaagent:c:\Users\quent\.vscode\extensions\redhat.java-1.23.0-win32-x64\lombok\lombok-1.18.30.jar -XX:+HeapDumpOnOutOfMemoryError -XX:HeapDumpPath=c:\Users\quent\AppData\Roaming\Code\User\workspaceStorage\f97ab88aceb030c56fd38694aa9d6646\redhat.java -Daether.dependencyCollector.impl=bf c:\Users\quent\.vscode\extensions\redhat.java-1.23.0-win32-x64\server\plugins\org.eclipse.equinox.launcher_1.6.500.v20230717-2134.jar -configuration c:\Users\quent\AppData\Roaming\Code\User\globalStorage\redhat.java\1.23.0\config_win -data c:\Users\quent\AppData\Roaming\Code\User\workspaceStorage\f97ab88aceb030c56fd38694aa9d6646\redhat.java\jdt_ws

Host: Intel(R) Core(TM) i7-10510U CPU @ 1.80GHz, 8 cores, 7G,  Windows 11 , 64 bit Build 22621 (10.0.22621.2215)
Time: Sat Oct  7 14:37:16 2023 Paris, Madrid (heure duild 22621 (10.0.22621.2215) elapsed time: 301.079582 seconds (0d 0h 5m 1s)

---------------  T H R E A D  ---------------

Current thread (0x00000174729f8640):  JavaThread "C2 CompilerThread0" daemon [_thread_in_native, id=3700, stack(0x0000003398300000,0x0000003398400000)]


Current CompileTask:
C2: 301079 22456 % !   4       org.eclipse.jdt.internal.core.ClassFileInfo::generateMethodInfos @ 586 (766 bytes)

Stack: [0x0000003398300000,0x0000003398400000]
Native frames: (J=compiled Java code, j=interpreted, Vv=VM code, C=native code)
V  [jvm.dll+0x678b0a]
V  [jvm.dll+0x835e84]
V  [jvm.dll+0x83762e]
V  [jvm.dll+0x837c93]
V  [jvm.dll+0x24746f]
V  [jvm.dll+0xac20c]
V  [jvm.dll+0xac7dc]
V  [jvm.dll+0x365c52]
V  [jvm.dll+0x1bce92]
V  [jvm.dll+0x219d49]
V  [jvm.dll+0x219011]
V  [jvm.dll+0x1a534d]
V  [jvm.dll+0x228d8a]
V  [jvm.dll+0x226dcc]
V  [jvm.dll+0x7ec09b]
V  [jvm.dll+0x7e64ca]
V  [jvm.dll+0x677955]
C  [ucrtbase.dll+0x29363]
C  [KERNEL32.DLL+0x1257d]
C  [ntdll.dll+0x5aa68]


---------------  P R O C E S S  ---------------

Threads class SMR info:
_java_thread_list=0x00000174784d0b50, length=37, elements={
0x0000017459877d90, 0x000001746d6e8960, 0x000001746d6eaf90, 0x00000174729ec330,
0x00000174729ed0c0, 0x00000174729edf40, 0x00000174729f1420, 0x00000174729f8640,
0x0000017472a570a0, 0x0000017472a57d60, 0x0000017472b23c90, 0x0000017472ce0040,
0x000001747416a280, 0x0000017473eb3930, 0x00000174747229f0, 0x0000017474b4ab00,
0x000001747476ce20, 0x000001747476afc0, 0x000001747476b9e0, 0x000001747476e770,
0x000001747476c910, 0x0000017476cdefe0, 0x0000017476ce0e40, 0x0000017476cdead0,
0x0000017476ce2280, 0x0000017476ce0930, 0x0000017476ce1860, 0x0000017476cdfa00,
0x0000017476ce2790, 0x0000017476ce2ca0, 0x0000017476ce31b0, 0x0000017476ce4b00,
0x0000017476ce1350, 0x000001747aeef900, 0x000001747aeeeee0, 0x0000017476cde0b0,
0x000001747476d840
}

Java Threads: ( => current thread )
  0x0000017459877d90 JavaThread "main" [_thread_blocked, id=15680, stack(0x0000003397a00000,0x0000003397b00000)]
  0x000001746d6e8960 JavaThread "Reference Handler" daemon [_thread_blocked, id=13232, stack(0x0000003397d00000,0x0000003397e00000)]
  0x000001746d6eaf90 JavaThread "Finalizer" daemon [_thread_blocked, id=19868, stack(0x0000003397e00000,0x0000003397f00000)]
  0x00000174729ec330 JavaThread "Signal Dispatcher" daemon [_thread_blocked, id=2980, stack(0x0000003397f00000,0x0000003398000000)]
  0x00000174729ed0c0 JavaThread "Attach Listener" daemon [_thread_blocked, id=9916, stack(0x0000003398000000,0x0000003398100000)]
  0x00000174729edf40 JavaThread "Service Thread" daemon [_thread_blocked, id=7052, stack(0x0000003398100000,0x0000003398200000)]
  0x00000174729f1420 JavaThread "Monitor Deflation Thread" daemon [_thread_blocked, id=9724, stack(0x0000003398200000,0x0000003398300000)]
=>0x00000174729f8640 JavaThread "C2 CompilerThread0" daemon [_thread_in_native, id=3700, stack(0x0000003398300000,0x0000003398400000)]
  0x0000017472a570a0 JavaThread "C1 CompilerThread0" daemon [_thread_blocked, id=9516, stack(0x0000003398400000,0x0000003398500000)]
  0x0000017472a57d60 JavaThread "Sweeper thread" daemon [_thread_blocked, id=19472, stack(0x0000003398500000,0x0000003398600000)]
  0x0000017472b23c90 JavaThread "Common-Cleaner" daemon [_thread_blocked, id=7692, stack(0x0000003398600000,0x0000003398700000)]
  0x0000017472ce0040 JavaThread "Notification Thread" daemon [_thread_blocked, id=15776, stack(0x0000003398700000,0x0000003398800000)]
  0x000001747416a280 JavaThread "Active Thread: Equinox Container: 09dacc8c-4d05-42fa-8197-cbbbc3849983" [_thread_blocked, id=19652, stack(0x0000003398a00000,0x0000003398b00000)]
  0x0000017473eb3930 JavaThread "Framework Event Dispatcher: Equinox Container: 09dacc8c-4d05-42fa-8197-cbbbc3849983" daemon [_thread_blocked, id=22508, stack(0x0000003399100000,0x0000003399200000)]
  0x00000174747229f0 JavaThread "Start Level: Equinox Container: 09dacc8c-4d05-42fa-8197-cbbbc3849983" daemon [_thread_blocked, id=18076, stack(0x0000003399200000,0x0000003399300000)]
  0x0000017474b4ab00 JavaThread "Bundle File Closer" daemon [_thread_blocked, id=15376, stack(0x0000003399400000,0x0000003399500000)]
  0x000001747476ce20 JavaThread "SCR Component Actor" daemon [_thread_blocked, id=20216, stack(0x0000003398900000,0x0000003398a00000)]
  0x000001747476afc0 JavaThread "Worker-JM" [_thread_blocked, id=23536, stack(0x0000003399600000,0x0000003399700000)]
  0x000001747476b9e0 JavaThread "Worker-0" [_thread_blocked, id=22080, stack(0x0000003399900000,0x0000003399a00000)]
  0x000001747476e770 JavaThread "Java indexing" daemon [_thread_in_native, id=18868, stack(0x0000003399800000,0x0000003399900000)]
  0x000001747476c910 JavaThread "JNA Cleaner" daemon [_thread_blocked, id=5532, stack(0x0000003399e00000,0x0000003399f00000)]
  0x0000017476cdefe0 JavaThread "pool-2-thread-1" [_thread_blocked, id=9068, stack(0x0000003399f00000,0x000000339a000000)]
  0x0000017476ce0e40 JavaThread "WorkspaceEventsHandler" [_thread_blocked, id=2384, stack(0x000000339a000000,0x000000339a100000)]
  0x0000017476cdead0 JavaThread "pool-1-thread-1" [_thread_in_native, id=2496, stack(0x000000339a100000,0x000000339a200000)]
  0x0000017476ce2280 JavaThread "Timer-0" [_thread_blocked, id=6308, stack(0x0000003399500000,0x0000003399600000)]
  0x0000017476ce0930 JavaThread "Timer-1" [_thread_blocked, id=2032, stack(0x0000003399700000,0x0000003399800000)]
  0x0000017476ce1860 JavaThread "ForkJoinPool.commonPool-worker-1" daemon [_thread_blocked, id=11428, stack(0x000000339a700000,0x000000339a800000)]
  0x0000017476cdfa00 JavaThread "ForkJoinPool.commonPool-worker-2" daemon [_thread_blocked, id=8576, stack(0x000000339a800000,0x000000339a900000)]
  0x0000017476ce2790 JavaThread "ForkJoinPool.commonPool-worker-3" daemon [_thread_blocked, id=22560, stack(0x000000339a900000,0x000000339aa00000)]
  0x0000017476ce2ca0 JavaThread "ForkJoinPool.commonPool-worker-4" daemon [_thread_blocked, id=1716, stack(0x000000339aa00000,0x000000339ab00000)]
  0x0000017476ce31b0 JavaThread "ForkJoinPool.commonPool-worker-5" daemon [_thread_blocked, id=21924, stack(0x000000339ab00000,0x000000339ac00000)]
  0x0000017476ce4b00 JavaThread "ForkJoinPool.commonPool-worker-6" daemon [_thread_blocked, id=1648, stack(0x000000339ac00000,0x000000339ad00000)]
  0x0000017476ce1350 JavaThread "ForkJoinPool.commonPool-worker-7" daemon [_thread_blocked, id=6780, stack(0x000000339ad00000,0x000000339ae00000)]
  0x000001747aeef900 JavaThread "Worker-4" [_thread_blocked, id=25548, stack(0x0000003397900000,0x0000003397a00000)]
  0x000001747aeeeee0 JavaThread "Worker-5: Publish Diagnostics" [_thread_blocked, id=22328, stack(0x0000003397800000,0x0000003397900000)]
  0x0000017476cde0b0 JavaThread "pool-1-thread-2" [_thread_blocked, id=17724, stack(0x0000003399b00000,0x0000003399c00000)]
  0x000001747476d840 JavaThread "Worker-6" [_thread_blocked, id=10392, stack(0x000000339a200000,0x000000339a300000)]

Other Threads:
  0x000001746d6e5bb0 VMThread "VM Thread" [stack: 0x0000003397c00000,0x0000003397d00000] [id=25168]
  0x0000017472d8eb40 WatcherThread [stack: 0x0000003398800000,0x0000003398900000] [id=21820]
  0x000001745988e050 GCTaskThread "GC Thread#0" [stack: 0x0000003397b00000,0x0000003397c00000] [id=17640]
  0x0000017473b145d0 GCTaskThread "GC Thread#1" [stack: 0x0000003398b00000,0x0000003398c00000] [id=2632]
  0x0000017473b14890 GCTaskThread "GC Thread#2" [stack: 0x0000003398c00000,0x0000003398d00000] [id=5028]
  0x0000017473aafc70 GCTaskThread "GC Thread#3" [stack: 0x0000003398d00000,0x0000003398e00000] [id=25328]
  0x0000017473aaff30 GCTaskThread "GC Thread#4" [stack: 0x0000003398e00000,0x0000003398f00000] [id=17320]
  0x0000017473ab01f0 GCTaskThread "GC Thread#5" [stack: 0x0000003398f00000,0x0000003399000000] [id=15676]
  0x0000017473ab04b0 GCTaskThread "GC Thread#6" [stack: 0x0000003399000000,0x0000003399100000] [id=4888]
  0x00000174742f14c0 GCTaskThread "GC Thread#7" [stack: 0x0000003399300000,0x0000003399400000] [id=22136]

Threads with active compile tasks:
C2 CompilerThread0   301134 22456 % !   4       org.eclipse.jdt.internal.core.ClassFileInfo::generateMethodInfos @ 586 (766 bytes)

VM state: at safepoint (normal execution)

VM Mutex/Monitor currently owned by a thread:  ([mutex/lock_event])
[0x0000017459873f40] Threads_lock - owner thread: 0x000001746d6e5bb0
[0x0000017459874450] Heap_lock - owner thread: 0x000001747aeeeee0

Heap address: 0x00000000c0000000, size: 1024 MB, Compressed Oops mode: 32-bit

CDS archive(s) not mapped
Compressed class space mapped at: 0x0000000100000000-0x0000000140000000, reserved size: 1073741824
Narrow klass base: 0x0000000000000000, Narrow klass shift: 3, Narrow klass range: 0x140000000

GC Precious Log:
 CPUs: 8 total, 8 available
 Memory: 7990M
 Large Page Support: Disabled
 NUMA Support: Disabled
 Compressed Oops: Enabled (32-bit)
 Alignments: Space 512K, Generation 512K, Heap 2M
 Heap Min Capacity: 100M
 Heap Initial Capacity: 100M
 Heap Max Capacity: 1G
 Pre-touch: Disabled
 Parallel Workers: 8

Heap:
 PSYoungGen      total 8192K, used 480K [0x00000000eab00000, 0x00000000eb780000, 0x0000000100000000)
  eden space 4096K, 0% used [0x00000000eab00000,0x00000000eab00000,0x00000000eaf00000)
  from space 4096K, 11% used [0x00000000eb380000,0x00000000eb3f8000,0x00000000eb780000)
  to   space 3072K, 0% used [0x00000000eb000000,0x00000000eb000000,0x00000000eb200000)
 ParOldGen       total 155136K, used 133230K [0x00000000c0000000, 0x00000000c9780000, 0x00000000eab00000)
  object space 155136K, 85% used [0x00000000c0000000,0x00000000c821bb50,0x00000000c9780000)
 Metaspace       used 92754K, committed 93952K, reserved 1179648K
  class space    used 9778K, committed 10304K, reserved 1048576K

Card table byte_map: [0x0000017459230000,0x0000017459440000] _byte_map_base: 0x0000017458c30000

Marking Bits: (ParMarkBitMap*) 0x00007ffdc69283a0
 Begin Bits: [0x000001746b4f0000, 0x000001746c4f0000)
 End Bits:   [0x000001746c4f0000, 0x000001746d4f0000)

Polling page: 0x0000017457a00000

Metaspace:

Usage:
  Non-class:     81.03 MB used.
      Class:      9.55 MB used.
       Both:     90.58 MB used.

Virtual space:
  Non-class space:      128.00 MB reserved,      81.69 MB ( 64%) committed,  2 nodes.
      Class space:        1.00 GB reserved,      10.06 MB ( <1%) committed,  1 nodes.
             Both:        1.12 GB reserved,      91.75 MB (  8%) committed. 

Chunk freelists:
   Non-Class:  13.56 MB
       Class:  5.89 MB
        Both:  19.45 MB

MaxMetaspaceSize: unlimited
CompressedClassSpaceSize: 1.00 GB
Initial GC threshold: 21.00 MB
Current GC threshold: 152.94 MB
CDS: off
MetaspaceReclaimPolicy: balanced
 - commit_granule_bytes: 65536.
 - commit_granule_words: 8192.
 - virtual_space_node_default_size: 8388608.
 - enlarge_chunks_in_place: 1.
 - new_chunks_are_fully_committed: 0.
 - uncommit_free_chunks: 1.
 - use_allocation_guard: 0.
 - handle_deallocations: 1.


Internal statistics:

num_allocs_failed_limit: 9.
num_arena_births: 888.
num_arena_deaths: 16.
num_vsnodes_births: 3.
num_vsnodes_deaths: 0.
num_space_committed: 1468.
num_space_uncommitted: 0.
num_chunks_returned_to_freelist: 25.
num_chunks_taken_from_freelist: 4746.
num_chunk_merges: 10.
num_chunk_splits: 3005.
num_chunks_enlarged: 1816.
num_inconsistent_stats: 0.

CodeHeap 'non-profiled nmethods': size=120000Kb used=19430Kb max_used=19430Kb free=100569Kb
 bounds [0x0000017463fc0000, 0x00000174652c0000, 0x000001746b4f0000]
CodeHeap 'profiled nmethods': size=120000Kb used=32377Kb max_used=33264Kb free=87622Kb
 bounds [0x000001745c4f0000, 0x000001745e590000, 0x0000017463a20000]
CodeHeap 'non-nmethods': size=5760Kb used=1408Kb max_used=1564Kb free=4351Kb
 bounds [0x0000017463a20000, 0x0000017463c90000, 0x0000017463fc0000]
 total_blobs=16557 nmethods=15800 adapters=667
 compilation: enabled
              stopped_count=0, restarted_count=0
 full_count=0

Compilation events (20 events):
Event: 300.624 Thread 0x0000017472a570a0 22479       3       org.eclipse.jdt.internal.core.CompilationUnitStructureRequestor::createPackageDeclaration (13 bytes)
Event: 300.625 Thread 0x0000017472a570a0 nmethod 22479 0x000001745c587e90 code [0x000001745c588060, 0x000001745c5886b8]
Event: 300.625 Thread 0x0000017472a570a0 22480       3       org.eclipse.jdt.internal.compiler.SourceElementNotifier::notifySourceElementRequestor (1088 bytes)
Event: 300.631 Thread 0x0000017472a570a0 nmethod 22480 0x000001745dd5f790 code [0x000001745dd5fda0, 0x000001745dd638c8]
Event: 300.631 Thread 0x0000017472a570a0 22481       2       org.eclipse.jdt.internal.core.LocalVariable::hashCode (15 bytes)
Event: 300.631 Thread 0x0000017472a570a0 nmethod 22481 0x000001745d926790 code [0x000001745d926920, 0x000001745d926a68]
Event: 300.633 Thread 0x0000017472a570a0 22482       3       org.eclipse.core.internal.localstore.UnifiedTreeNode::getStore (26 bytes)
Event: 300.633 Thread 0x0000017472a570a0 nmethod 22482 0x000001745dc5ca90 code [0x000001745dc5cc60, 0x000001745dc5d0e8]
Event: 300.640 Thread 0x0000017472a570a0 22484       3       org.eclipse.jdt.core.dom.DefaultASTVisitor::endVisit (6 bytes)
Event: 300.640 Thread 0x0000017472a570a0 nmethod 22484 0x000001745c587990 code [0x000001745c587b40, 0x000001745c587d08]
Event: 300.641 Thread 0x0000017472a570a0 22485       3       org.eclipse.core.internal.resources.MarkerManager::getChangeId (8 bytes)
Event: 300.641 Thread 0x0000017472a570a0 nmethod 22485 0x000001745dab5090 code [0x000001745dab5220, 0x000001745dab5358]
Event: 300.686 Thread 0x0000017472a570a0 22486       3       org.eclipse.jdt.internal.core.Openable::bufferChanged (49 bytes)
Event: 300.687 Thread 0x0000017472a570a0 nmethod 22486 0x000001745c5fae10 code [0x000001745c5fb080, 0x000001745c5fbd48]
Event: 300.933 Thread 0x0000017472a570a0 22487       3       java.util.concurrent.ConcurrentHashMap::putAll (63 bytes)
Event: 300.934 Thread 0x0000017472a570a0 nmethod 22487 0x000001745e10ee90 code [0x000001745e10f0c0, 0x000001745e10f928]
Event: 300.934 Thread 0x0000017472a570a0 22488   !   3       java.util.concurrent.ConcurrentHashMap::tryPresize (193 bytes)
Event: 300.934 Thread 0x0000017472a570a0 nmethod 22488 0x000001745e279c10 code [0x000001745e279e20, 0x000001745e27a668]
Event: 301.015 Thread 0x0000017472a570a0 22489       2       org.eclipse.jdt.internal.core.Openable::getBuffer (45 bytes)
Event: 301.016 Thread 0x0000017472a570a0 nmethod 22489 0x000001745d3eff10 code [0x000001745d3f0140, 0x000001745d3f0778]

GC Heap History (20 events):
Event: 300.551 GC heap before
{Heap before GC invocations=2141 (full 42):
 PSYoungGen      total 7168K, used 6436K [0x00000000eab00000, 0x00000000eb480000, 0x0000000100000000)
  eden space 5120K, 100% used [0x00000000eab00000,0x00000000eb000000,0x00000000eb000000)
  from space 2048K, 64% used [0x00000000eb100000,0x00000000eb249118,0x00000000eb300000)
  to   space 1536K, 0% used [0x00000000eb300000,0x00000000eb300000,0x00000000eb480000)
 ParOldGen       total 155136K, used 140522K [0x00000000c0000000, 0x00000000c9780000, 0x00000000eab00000)
  object space 155136K, 90% used [0x00000000c0000000,0x00000000c893a9b8,0x00000000c9780000)
 Metaspace       used 92744K, committed 93952K, reserved 1179648K
  class space    used 9778K, committed 10304K, reserved 1048576K
}
Event: 300.557 GC heap after
{Heap after GC invocations=2141 (full 42):
 PSYoungGen      total 7168K, used 864K [0x00000000eab00000, 0x00000000eb400000, 0x0000000100000000)
  eden space 6144K, 0% used [0x00000000eab00000,0x00000000eab00000,0x00000000eb100000)
  from space 1024K, 84% used [0x00000000eb300000,0x00000000eb3d8000,0x00000000eb400000)
  to   space 1536K, 0% used [0x00000000eb100000,0x00000000eb100000,0x00000000eb280000)
 ParOldGen       total 155136K, used 141670K [0x00000000c0000000, 0x00000000c9780000, 0x00000000eab00000)
  object space 155136K, 91% used [0x00000000c0000000,0x00000000c8a59ba0,0x00000000c9780000)
 Metaspace       used 92744K, committed 93952K, reserved 1179648K
  class space    used 9778K, committed 10304K, reserved 1048576K
}
Event: 300.579 GC heap before
{Heap before GC invocations=2142 (full 42):
 PSYoungGen      total 7168K, used 6981K [0x00000000eab00000, 0x00000000eb400000, 0x0000000100000000)
  eden space 6144K, 99% used [0x00000000eab00000,0x00000000eb0f96d0,0x00000000eb100000)
  from space 1024K, 84% used [0x00000000eb300000,0x00000000eb3d8000,0x00000000eb400000)
  to   space 1536K, 0% used [0x00000000eb100000,0x00000000eb100000,0x00000000eb280000)
 ParOldGen       total 155136K, used 141670K [0x00000000c0000000, 0x00000000c9780000, 0x00000000eab00000)
  object space 155136K, 91% used [0x00000000c0000000,0x00000000c8a59ba0,0x00000000c9780000)
 Metaspace       used 92744K, committed 93952K, reserved 1179648K
  class space    used 9778K, committed 10304K, reserved 1048576K
}
Event: 300.582 GC heap after
{Heap after GC invocations=2142 (full 42):
 PSYoungGen      total 7680K, used 816K [0x00000000eab00000, 0x00000000eb400000, 0x0000000100000000)
  eden space 6144K, 0% used [0x00000000eab00000,0x00000000eab00000,0x00000000eb100000)
  from space 1536K, 53% used [0x00000000eb100000,0x00000000eb1cc010,0x00000000eb280000)
  to   space 1024K, 0% used [0x00000000eb300000,0x00000000eb300000,0x00000000eb400000)
 ParOldGen       total 155136K, used 142430K [0x00000000c0000000, 0x00000000c9780000, 0x00000000eab00000)
  object space 155136K, 91% used [0x00000000c0000000,0x00000000c8b17ba0,0x00000000c9780000)
 Metaspace       used 92744K, committed 93952K, reserved 1179648K
  class space    used 9778K, committed 10304K, reserved 1048576K
}
Event: 300.616 GC heap before
{Heap before GC invocations=2143 (full 42):
 PSYoungGen      total 7680K, used 6959K [0x00000000eab00000, 0x00000000eb400000, 0x0000000100000000)
  eden space 6144K, 99% used [0x00000000eab00000,0x00000000eb0fffe8,0x00000000eb100000)
  from space 1536K, 53% used [0x00000000eb100000,0x00000000eb1cc010,0x00000000eb280000)
  to   space 1024K, 0% used [0x00000000eb300000,0x00000000eb300000,0x00000000eb400000)
 ParOldGen       total 155136K, used 142430K [0x00000000c0000000, 0x00000000c9780000, 0x00000000eab00000)
  object space 155136K, 91% used [0x00000000c0000000,0x00000000c8b17ba0,0x00000000c9780000)
 Metaspace       used 92749K, committed 93952K, reserved 1179648K
  class space    used 9778K, committed 10304K, reserved 1048576K
}
Event: 300.617 GC heap after
{Heap after GC invocations=2143 (full 42):
 PSYoungGen      total 7168K, used 1018K [0x00000000eab00000, 0x00000000eb600000, 0x0000000100000000)
  eden space 6144K, 0% used [0x00000000eab00000,0x00000000eab00000,0x00000000eb100000)
  from space 1024K, 99% used [0x00000000eb300000,0x00000000eb3feb00,0x00000000eb400000)
  to   space 2048K, 0% used [0x00000000eb100000,0x00000000eb100000,0x00000000eb300000)
 ParOldGen       total 155136K, used 143122K [0x00000000c0000000, 0x00000000c9780000, 0x00000000eab00000)
  object space 155136K, 92% used [0x00000000c0000000,0x00000000c8bc4938,0x00000000c9780000)
 Metaspace       used 92749K, committed 93952K, reserved 1179648K
  class space    used 9778K, committed 10304K, reserved 1048576K
}
Event: 300.677 GC heap before
{Heap before GC invocations=2144 (full 42):
 PSYoungGen      total 7168K, used 7162K [0x00000000eab00000, 0x00000000eb600000, 0x0000000100000000)
  eden space 6144K, 99% used [0x00000000eab00000,0x00000000eb0ffff8,0x00000000eb100000)
  from space 1024K, 99% used [0x00000000eb300000,0x00000000eb3feb00,0x00000000eb400000)
  to   space 2048K, 0% used [0x00000000eb100000,0x00000000eb100000,0x00000000eb300000)
 ParOldGen       total 155136K, used 143122K [0x00000000c0000000, 0x00000000c9780000, 0x00000000eab00000)
  object space 155136K, 92% used [0x00000000c0000000,0x00000000c8bc4938,0x00000000c9780000)
 Metaspace       used 92750K, committed 93952K, reserved 1179648K
  class space    used 9778K, committed 10304K, reserved 1048576K
}
Event: 300.680 GC heap after
{Heap after GC invocations=2144 (full 42):
 PSYoungGen      total 8192K, used 1598K [0x00000000eab00000, 0x00000000eb500000, 0x0000000100000000)
  eden space 6144K, 0% used [0x00000000eab00000,0x00000000eab00000,0x00000000eb100000)
  from space 2048K, 78% used [0x00000000eb100000,0x00000000eb28fab0,0x00000000eb300000)
  to   space 2048K, 0% used [0x00000000eb300000,0x00000000eb300000,0x00000000eb500000)
 ParOldGen       total 155136K, used 143912K [0x00000000c0000000, 0x00000000c9780000, 0x00000000eab00000)
  object space 155136K, 92% used [0x00000000c0000000,0x00000000c8c8a018,0x00000000c9780000)
 Metaspace       used 92750K, committed 93952K, reserved 1179648K
  class space    used 9778K, committed 10304K, reserved 1048576K
}
Event: 300.709 GC heap before
{Heap before GC invocations=2145 (full 42):
 PSYoungGen      total 8192K, used 7742K [0x00000000eab00000, 0x00000000eb500000, 0x0000000100000000)
  eden space 6144K, 99% used [0x00000000eab00000,0x00000000eb0ffff8,0x00000000eb100000)
  from space 2048K, 78% used [0x00000000eb100000,0x00000000eb28fab0,0x00000000eb300000)
  to   space 2048K, 0% used [0x00000000eb300000,0x00000000eb300000,0x00000000eb500000)
 ParOldGen       total 155136K, used 143912K [0x00000000c0000000, 0x00000000c9780000, 0x00000000eab00000)
  object space 155136K, 92% used [0x00000000c0000000,0x00000000c8c8a018,0x00000000c9780000)
 Metaspace       used 92752K, committed 93952K, reserved 1179648K
  class space    used 9778K, committed 10304K, reserved 1048576K
}
Event: 300.713 GC heap after
{Heap after GC invocations=2145 (full 42):
 PSYoungGen      total 5632K, used 2029K [0x00000000eab00000, 0x00000000eba00000, 0x0000000100000000)
  eden space 3584K, 0% used [0x00000000eab00000,0x00000000eab00000,0x00000000eae80000)
  from space 2048K, 99% used [0x00000000eb300000,0x00000000eb4fb798,0x00000000eb500000)
  to   space 4608K, 0% used [0x00000000eae80000,0x00000000eae80000,0x00000000eb300000)
 ParOldGen       total 155136K, used 145899K [0x00000000c0000000, 0x00000000c9780000, 0x00000000eab00000)
  object space 155136K, 94% used [0x00000000c0000000,0x00000000c8e7ada0,0x00000000c9780000)
 Metaspace       used 92752K, committed 93952K, reserved 1179648K
  class space    used 9778K, committed 10304K, reserved 1048576K
}
Event: 300.731 GC heap before
{Heap before GC invocations=2146 (full 42):
 PSYoungGen      total 5632K, used 5613K [0x00000000eab00000, 0x00000000eba00000, 0x0000000100000000)
  eden space 3584K, 100% used [0x00000000eab00000,0x00000000eae80000,0x00000000eae80000)
  from space 2048K, 99% used [0x00000000eb300000,0x00000000eb4fb798,0x00000000eb500000)
  to   space 4608K, 0% used [0x00000000eae80000,0x00000000eae80000,0x00000000eb300000)
 ParOldGen       total 155136K, used 145899K [0x00000000c0000000, 0x00000000c9780000, 0x00000000eab00000)
  object space 155136K, 94% used [0x00000000c0000000,0x00000000c8e7ada0,0x00000000c9780000)
 Metaspace       used 92752K, committed 93952K, reserved 1179648K
  class space    used 9778K, committed 10304K, reserved 1048576K
}
Event: 300.733 GC heap after
{Heap after GC invocations=2146 (full 42):
 PSYoungGen      total 7168K, used 3584K [0x00000000eab00000, 0x00000000eb680000, 0x0000000100000000)
  eden space 3584K, 0% used [0x00000000eab00000,0x00000000eab00000,0x00000000eae80000)
  from space 3584K, 100% used [0x00000000eae80000,0x00000000eb200000,0x00000000eb200000)
  to   space 4096K, 0% used [0x00000000eb280000,0x00000000eb280000,0x00000000eb680000)
 ParOldGen       total 155136K, used 147969K [0x00000000c0000000, 0x00000000c9780000, 0x00000000eab00000)
  object space 155136K, 95% used [0x00000000c0000000,0x00000000c9080538,0x00000000c9780000)
 Metaspace       used 92752K, committed 93952K, reserved 1179648K
  class space    used 9778K, committed 10304K, reserved 1048576K
}
Event: 300.754 GC heap before
{Heap before GC invocations=2147 (full 42):
 PSYoungGen      total 7168K, used 7168K [0x00000000eab00000, 0x00000000eb680000, 0x0000000100000000)
  eden space 3584K, 100% used [0x00000000eab00000,0x00000000eae80000,0x00000000eae80000)
  from space 3584K, 100% used [0x00000000eae80000,0x00000000eb200000,0x00000000eb200000)
  to   space 4096K, 0% used [0x00000000eb280000,0x00000000eb280000,0x00000000eb680000)
 ParOldGen       total 155136K, used 147969K [0x00000000c0000000, 0x00000000c9780000, 0x00000000eab00000)
  object space 155136K, 95% used [0x00000000c0000000,0x00000000c9080538,0x00000000c9780000)
 Metaspace       used 92752K, committed 93952K, reserved 1179648K
  class space    used 9778K, committed 10304K, reserved 1048576K
}
Event: 300.760 GC heap after
{Heap after GC invocations=2147 (full 42):
 PSYoungGen      total 7680K, used 3648K [0x00000000eab00000, 0x00000000eb780000, 0x0000000100000000)
  eden space 3584K, 0% used [0x00000000eab00000,0x00000000eab00000,0x00000000eae80000)
  from space 4096K, 89% used [0x00000000eb280000,0x00000000eb610000,0x00000000eb680000)
  to   space 4096K, 0% used [0x00000000eae80000,0x00000000eae80000,0x00000000eb280000)
 ParOldGen       total 155136K, used 151441K [0x00000000c0000000, 0x00000000c9780000, 0x00000000eab00000)
  object space 155136K, 97% used [0x00000000c0000000,0x00000000c93e4538,0x00000000c9780000)
 Metaspace       used 92752K, committed 93952K, reserved 1179648K
  class space    used 9778K, committed 10304K, reserved 1048576K
}
Event: 300.760 GC heap before
{Heap before GC invocations=2148 (full 43):
 PSYoungGen      total 7680K, used 3648K [0x00000000eab00000, 0x00000000eb780000, 0x0000000100000000)
  eden space 3584K, 0% used [0x00000000eab00000,0x00000000eab00000,0x00000000eae80000)
  from space 4096K, 89% used [0x00000000eb280000,0x00000000eb610000,0x00000000eb680000)
  to   space 4096K, 0% used [0x00000000eae80000,0x00000000eae80000,0x00000000eb280000)
 ParOldGen       total 155136K, used 151441K [0x00000000c0000000, 0x00000000c9780000, 0x00000000eab00000)
  object space 155136K, 97% used [0x00000000c0000000,0x00000000c93e4538,0x00000000c9780000)
 Metaspace       used 92752K, committed 93952K, reserved 1179648K
  class space    used 9778K, committed 10304K, reserved 1048576K
}
Event: 300.932 GC heap after
{Heap after GC invocations=2148 (full 43):
 PSYoungGen      total 7680K, used 0K [0x00000000eab00000, 0x00000000eb700000, 0x0000000100000000)
  eden space 3584K, 0% used [0x00000000eab00000,0x00000000eab00000,0x00000000eae80000)
  from space 4096K, 0% used [0x00000000eae80000,0x00000000eae80000,0x00000000eb280000)
  to   space 4096K, 0% used [0x00000000eb300000,0x00000000eb300000,0x00000000eb700000)
 ParOldGen       total 155136K, used 129640K [0x00000000c0000000, 0x00000000c9780000, 0x00000000eab00000)
  object space 155136K, 83% used [0x00000000c0000000,0x00000000c7e9a0c0,0x00000000c9780000)
 Metaspace       used 92752K, committed 93952K, reserved 1179648K
  class space    used 9778K, committed 10304K, reserved 1048576K
}
Event: 300.966 GC heap before
{Heap before GC invocations=2149 (full 43):
 PSYoungGen      total 7680K, used 3584K [0x00000000eab00000, 0x00000000eb700000, 0x0000000100000000)
  eden space 3584K, 100% used [0x00000000eab00000,0x00000000eae80000,0x00000000eae80000)
  from space 4096K, 0% used [0x00000000eae80000,0x00000000eae80000,0x00000000eb280000)
  to   space 4096K, 0% used [0x00000000eb300000,0x00000000eb300000,0x00000000eb700000)
 ParOldGen       total 155136K, used 129640K [0x00000000c0000000, 0x00000000c9780000, 0x00000000eab00000)
  object space 155136K, 83% used [0x00000000c0000000,0x00000000c7e9a0c0,0x00000000c9780000)
 Metaspace       used 92754K, committed 93952K, reserved 1179648K
  class space    used 9778K, committed 10304K, reserved 1048576K
}
Event: 300.969 GC heap after
{Heap after GC invocations=2149 (full 43):
 PSYoungGen      total 6144K, used 2014K [0x00000000eab00000, 0x00000000eb500000, 0x0000000100000000)
  eden space 4096K, 0% used [0x00000000eab00000,0x00000000eab00000,0x00000000eaf00000)
  from space 2048K, 98% used [0x00000000eb300000,0x00000000eb4f7a90,0x00000000eb500000)
  to   space 3072K, 0% used [0x00000000eaf00000,0x00000000eaf00000,0x00000000eb200000)
 ParOldGen       total 155136K, used 129640K [0x00000000c0000000, 0x00000000c9780000, 0x00000000eab00000)
  object space 155136K, 83% used [0x00000000c0000000,0x00000000c7e9a0c0,0x00000000c9780000)
 Metaspace       used 92754K, committed 93952K, reserved 1179648K
  class space    used 9778K, committed 10304K, reserved 1048576K
}
Event: 301.029 GC heap before
{Heap before GC invocations=2150 (full 43):
 PSYoungGen      total 6144K, used 6110K [0x00000000eab00000, 0x00000000eb500000, 0x0000000100000000)
  eden space 4096K, 99% used [0x00000000eab00000,0x00000000eaeffff0,0x00000000eaf00000)
  from space 2048K, 98% used [0x00000000eb300000,0x00000000eb4f7a90,0x00000000eb500000)
  to   space 3072K, 0% used [0x00000000eaf00000,0x00000000eaf00000,0x00000000eb200000)
 ParOldGen       total 155136K, used 129640K [0x00000000c0000000, 0x00000000c9780000, 0x00000000eab00000)
  object space 155136K, 83% used [0x00000000c0000000,0x00000000c7e9a0c0,0x00000000c9780000)
 Metaspace       used 92754K, committed 93952K, reserved 1179648K
  class space    used 9778K, committed 10304K, reserved 1048576K
}
Event: 301.033 GC heap after
{Heap after GC invocations=2150 (full 43):
 PSYoungGen      total 7168K, used 3070K [0x00000000eab00000, 0x00000000eb780000, 0x0000000100000000)
  eden space 4096K, 0% used [0x00000000eab00000,0x00000000eab00000,0x00000000eaf00000)
  from space 3072K, 99% used [0x00000000eaf00000,0x00000000eb1ffa90,0x00000000eb200000)
  to   space 4096K, 0% used [0x00000000eb380000,0x00000000eb380000,0x00000000eb780000)
 ParOldGen       total 155136K, used 130128K [0x00000000c0000000, 0x00000000c9780000, 0x00000000eab00000)
  object space 155136K, 83% used [0x00000000c0000000,0x00000000c7f140c0,0x00000000c9780000)
 Metaspace       used 92754K, committed 93952K, reserved 1179648K
  class space    used 9778K, committed 10304K, reserved 1048576K
}

Dll operation events (14 events):
Event: 0.013 Loaded shared library c:\Users\quent\.vscode\extensions\redhat.java-1.23.0-win32-x64\jre\17.0.8.1-win32-x86_64\bin\java.dll
Event: 0.264 Loaded shared library c:\Users\quent\.vscode\extensions\redhat.java-1.23.0-win32-x64\jre\17.0.8.1-win32-x86_64\bin\zip.dll
Event: 0.270 Loaded shared library C:\Users\quent\.vscode\extensions\redhat.java-1.23.0-win32-x64\jre\17.0.8.1-win32-x86_64\bin\instrument.dll
Event: 0.302 Loaded shared library C:\Users\quent\.vscode\extensions\redhat.java-1.23.0-win32-x64\jre\17.0.8.1-win32-x86_64\bin\net.dll
Event: 0.304 Loaded shared library C:\Users\quent\.vscode\extensions\redhat.java-1.23.0-win32-x64\jre\17.0.8.1-win32-x86_64\bin\nio.dll
Event: 0.314 Loaded shared library C:\Users\quent\.vscode\extensions\redhat.java-1.23.0-win32-x64\jre\17.0.8.1-win32-x86_64\bin\zip.dll
Event: 0.336 Loaded shared library C:\Users\quent\.vscode\extensions\redhat.java-1.23.0-win32-x64\jre\17.0.8.1-win32-x86_64\bin\jimage.dll
Event: 0.450 Loaded shared library c:\Users\quent\.vscode\extensions\redhat.java-1.23.0-win32-x64\jre\17.0.8.1-win32-x86_64\bin\verify.dll
Event: 1.978 Loaded shared library C:\Users\quent\AppData\Roaming\Code\User\globalStorage\redhat.java\1.23.0\config_win\org.eclipse.equinox.launcher\org.eclipse.equinox.launcher.win32.win32.x86_64_1.2.700.v20221108-1024\eclipse_11801.dll
Event: 7.181 Loaded shared library C:\Users\quent\AppData\Local\Temp\jna-107944007\jna15750114334700774682.dll
Event: 13.934 Loaded shared library C:\Users\quent\.gradle\native\68d5fa5c4cc2d200863cafc0d521ce42e7d3e7ee720ec0a83991735586a16f82\windows-amd64\native-platform.dll
Event: 15.286 Loaded shared library C:\Users\quent\.vscode\extensions\redhat.java-1.23.0-win32-x64\jre\17.0.8.1-win32-x86_64\bin\management.dll
Event: 15.305 Loaded shared library C:\Users\quent\.vscode\extensions\redhat.java-1.23.0-win32-x64\jre\17.0.8.1-win32-x86_64\bin\management_ext.dll
Event: 16.416 Loaded shared library C:\Users\quent\.vscode\extensions\redhat.java-1.23.0-win32-x64\jre\17.0.8.1-win32-x86_64\bin\sunmscapi.dll

Deoptimization events (20 events):
Event: 300.162 Thread 0x000001747476d840 DEOPT PACKING pc=0x000001746505f27c sp=0x000000339a2fea50
Event: 300.162 Thread 0x000001747476d840 DEOPT UNPACKING pc=0x0000017463a766a3 sp=0x000000339a2fea48 mode 2
Event: 300.164 Thread 0x000001747476d840 Uncommon trap: trap_request=0xffffffde fr.pc=0x000001746505f27c relative=0x0000000000000d9c
Event: 300.164 Thread 0x000001747476d840 Uncommon trap: reason=class_check action=maybe_recompile pc=0x000001746505f27c method=org.eclipse.jdt.internal.core.Openable.getBuffer()Lorg/eclipse/jdt/core/IBuffer; @ 28 c2
Event: 300.164 Thread 0x000001747476d840 DEOPT PACKING pc=0x000001746505f27c sp=0x000000339a2fea50
Event: 300.164 Thread 0x000001747476d840 DEOPT UNPACKING pc=0x0000017463a766a3 sp=0x000000339a2fea48 mode 2
Event: 300.173 Thread 0x000001747476d840 Uncommon trap: trap_request=0xffffffde fr.pc=0x000001746505f27c relative=0x0000000000000d9c
Event: 300.173 Thread 0x000001747476d840 Uncommon trap: reason=class_check action=maybe_recompile pc=0x000001746505f27c method=org.eclipse.jdt.internal.core.Openable.getBuffer()Lorg/eclipse/jdt/core/IBuffer; @ 28 c2
Event: 300.174 Thread 0x000001747476d840 DEOPT PACKING pc=0x000001746505f27c sp=0x000000339a2fea50
Event: 300.174 Thread 0x000001747476d840 DEOPT UNPACKING pc=0x0000017463a766a3 sp=0x000000339a2fea48 mode 2
Event: 300.176 Thread 0x000001747476d840 Uncommon trap: trap_request=0xffffffde fr.pc=0x000001746505f27c relative=0x0000000000000d9c
Event: 300.176 Thread 0x000001747476d840 Uncommon trap: reason=class_check action=maybe_recompile pc=0x000001746505f27c method=org.eclipse.jdt.internal.core.Openable.getBuffer()Lorg/eclipse/jdt/core/IBuffer; @ 28 c2
Event: 300.176 Thread 0x000001747476d840 DEOPT PACKING pc=0x000001746505f27c sp=0x000000339a2fea50
Event: 300.176 Thread 0x000001747476d840 DEOPT UNPACKING pc=0x0000017463a766a3 sp=0x000000339a2fea48 mode 2
Event: 300.239 Thread 0x000001747476d840 Uncommon trap: trap_request=0xffffffbe fr.pc=0x00000174651ec960 relative=0x0000000000000ec0
Event: 300.239 Thread 0x000001747476d840 Uncommon trap: reason=profile_predicate action=maybe_recompile pc=0x00000174651ec960 method=org.eclipse.core.internal.jobs.DeadlockDetector.reduceGraph(ILorg/eclipse/core/runtime/jobs/ISchedulingRule;)V @ 67 c2
Event: 300.239 Thread 0x000001747476d840 DEOPT PACKING pc=0x00000174651ec960 sp=0x000000339a2ff280
Event: 300.239 Thread 0x000001747476d840 DEOPT UNPACKING pc=0x0000017463a766a3 sp=0x000000339a2ff228 mode 2
Event: 300.245 Thread 0x0000017476ce31b0 DEOPT PACKING pc=0x000001745d913030 sp=0x000000339abfd730
Event: 300.245 Thread 0x0000017476ce31b0 DEOPT UNPACKING pc=0x0000017463a76e43 sp=0x000000339abfcbc0 mode 0

Classes unloaded (8 events):
Event: 6.562 Thread 0x000001746d6e5bb0 Unloading class 0x0000000100254000 'java/lang/invoke/LambdaForm$MH+0x0000000100254000'
Event: 6.562 Thread 0x000001746d6e5bb0 Unloading class 0x0000000100253c00 'java/lang/invoke/LambdaForm$MH+0x0000000100253c00'
Event: 6.562 Thread 0x000001746d6e5bb0 Unloading class 0x0000000100253800 'java/lang/invoke/LambdaForm$MH+0x0000000100253800'
Event: 6.562 Thread 0x000001746d6e5bb0 Unloading class 0x0000000100253400 'java/lang/invoke/LambdaForm$MH+0x0000000100253400'
Event: 6.562 Thread 0x000001746d6e5bb0 Unloading class 0x0000000100253000 'java/lang/invoke/LambdaForm$BMH+0x0000000100253000'
Event: 6.562 Thread 0x000001746d6e5bb0 Unloading class 0x0000000100252c00 'java/lang/invoke/LambdaForm$DMH+0x0000000100252c00'
Event: 6.562 Thread 0x000001746d6e5bb0 Unloading class 0x0000000100250000 'java/lang/invoke/LambdaForm$DMH+0x0000000100250000'
Event: 28.260 Thread 0x000001746d6e5bb0 Unloading class 0x00000001008cc400 'java/lang/invoke/LambdaForm$DMH+0x00000001008cc400'

Classes redefined (0 events):
No events

Internal exceptions (20 events):
Event: 300.560 Thread 0x0000017476ce4b00 Exception <a 'sun/nio/fs/WindowsException'{0x00000000eabfc968}> (0x00000000eabfc968) 
thrown [s\src\hotspot\share\prims\jni.cpp, line 516]
Event: 300.561 Thread 0x0000017476ce4b00 Exception <a 'sun/nio/fs/WindowsException'{0x00000000eabfdd30}> (0x00000000eabfdd30) 
thrown [s\src\hotspot\share\prims\jni.cpp, line 516]
Event: 300.569 Thread 0x0000017476ce4b00 Exception <a 'sun/nio/fs/WindowsException'{0x00000000eae60800}> (0x00000000eae60800) 
thrown [s\src\hotspot\share\prims\jni.cpp, line 516]
Event: 300.569 Thread 0x0000017476ce4b00 Exception <a 'sun/nio/fs/WindowsException'{0x00000000eae61ba0}> (0x00000000eae61ba0) 
thrown [s\src\hotspot\share\prims\jni.cpp, line 516]
Event: 300.570 Thread 0x0000017476ce4b00 Exception <a 'sun/nio/fs/WindowsException'{0x00000000eaeeffe8}> (0x00000000eaeeffe8) 
thrown [s\src\hotspot\share\prims\jni.cpp, line 516]
Event: 300.571 Thread 0x0000017476ce4b00 Exception <a 'sun/nio/fs/WindowsException'{0x00000000eaef13b0}> (0x00000000eaef13b0) 
thrown [s\src\hotspot\share\prims\jni.cpp, line 516]
Event: 300.575 Thread 0x0000017476ce4b00 Exception <a 'sun/nio/fs/WindowsException'{0x00000000eafc1280}> (0x00000000eafc1280) 
thrown [s\src\hotspot\share\prims\jni.cpp, line 516]
Event: 300.575 Thread 0x0000017476ce4b00 Exception <a 'sun/nio/fs/WindowsException'{0x00000000eafc25b0}> (0x00000000eafc25b0) 
thrown [s\src\hotspot\share\prims\jni.cpp, line 516]
Event: 300.577 Thread 0x0000017476ce4b00 Exception <a 'sun/nio/fs/WindowsException'{0x00000000eb052360}> (0x00000000eb052360) 
thrown [s\src\hotspot\share\prims\jni.cpp, line 516]
Event: 300.577 Thread 0x0000017476ce4b00 Exception <a 'sun/nio/fs/WindowsException'{0x00000000eb0536c8}> (0x00000000eb0536c8) 
thrown [s\src\hotspot\share\prims\jni.cpp, line 516]
Event: 300.578 Thread 0x0000017476ce4b00 Exception <a 'sun/nio/fs/WindowsException'{0x00000000eb0d3ba0}> (0x00000000eb0d3ba0) 
thrown [s\src\hotspot\share\prims\jni.cpp, line 516]
Event: 300.578 Thread 0x0000017476ce4b00 Exception <a 'sun/nio/fs/WindowsException'{0x00000000eb0d4e98}> (0x00000000eb0d4e98) 
thrown [s\src\hotspot\share\prims\jni.cpp, line 516]
Event: 300.584 Thread 0x0000017476ce4b00 Exception <a 'sun/nio/fs/WindowsException'{0x00000000eab6c8e8}> (0x00000000eab6c8e8) 
thrown [s\src\hotspot\share\prims\jni.cpp, line 516]
Event: 300.584 Thread 0x0000017476ce4b00 Exception <a 'sun/nio/fs/WindowsException'{0x00000000eab6dc40}> (0x00000000eab6dc40) 
thrown [s\src\hotspot\share\prims\jni.cpp, line 516]
Event: 300.586 Thread 0x0000017476ce4b00 Exception <a 'sun/nio/fs/WindowsException'{0x00000000eabd80e8}> (0x00000000eabd80e8) 
thrown [s\src\hotspot\share\prims\jni.cpp, line 516]
Event: 300.586 Thread 0x0000017476ce4b00 Exception <a 'sun/nio/fs/WindowsException'{0x00000000eabd9488}> (0x00000000eabd9488) 
thrown [s\src\hotspot\share\prims\jni.cpp, line 516]
Event: 300.587 Thread 0x0000017476ce4b00 Exception <a 'sun/nio/fs/WindowsException'{0x00000000eac404c0}> (0x00000000eac404c0) 
thrown [s\src\hotspot\share\prims\jni.cpp, line 516]
Event: 300.587 Thread 0x0000017476ce4b00 Exception <a 'sun/nio/fs/WindowsException'{0x00000000eac41898}> (0x00000000eac41898) 
thrown [s\src\hotspot\share\prims\jni.cpp, line 516]
Event: 300.589 Thread 0x0000017476ce4b00 Exception <a 'sun/nio/fs/WindowsException'{0x00000000eaca7630}> (0x00000000eaca7630) 
thrown [s\src\hotspot\share\prims\jni.cpp, line 516]
Event: 300.589 Thread 0x0000017476ce4b00 Exception <a 'sun/nio/fs/WindowsException'{0x00000000eaca89f8}> (0x00000000eaca89f8) 
thrown [s\src\hotspot\share\prims\jni.cpp, line 516]

VM Operations (20 events):
Event: 300.526 Executing VM operation: ParallelGCFailedAllocation
Event: 300.530 Executing VM operation: ParallelGCFailedAllocation done
Event: 300.550 Executing VM operation: ParallelGCFailedAllocation
Event: 300.557 Executing VM operation: ParallelGCFailedAllocation done
Event: 300.579 Executing VM operation: ParallelGCFailedAllocation
Event: 300.583 Executing VM operation: ParallelGCFailedAllocation done
Event: 300.616 Executing VM operation: ParallelGCFailedAllocation
Event: 300.618 Executing VM operation: ParallelGCFailedAllocation done
Event: 300.677 Executing VM operation: ParallelGCFailedAllocation
Event: 300.680 Executing VM operation: ParallelGCFailedAllocation done
Event: 300.709 Executing VM operation: ParallelGCFailedAllocation
Event: 300.713 Executing VM operation: ParallelGCFailedAllocation done
Event: 300.731 Executing VM operation: ParallelGCFailedAllocation
Event: 300.733 Executing VM operation: ParallelGCFailedAllocation done
Event: 300.754 Executing VM operation: ParallelGCFailedAllocation
Event: 300.933 Executing VM operation: ParallelGCFailedAllocation done
Event: 300.966 Executing VM operation: ParallelGCFailedAllocation
Event: 300.969 Executing VM operation: ParallelGCFailedAllocation done
Event: 301.029 Executing VM operation: ParallelGCFailedAllocation
Event: 301.033 Executing VM operation: ParallelGCFailedAllocation done

Events (20 events):
Event: 299.561 Thread 0x0000017473c1fa10 Thread added: 0x0000017473c1fa10
Event: 299.561 Thread 0x0000017473c20430 Thread added: 0x0000017473c20430
Event: 299.561 Thread 0x0000017473c20940 Thread added: 0x0000017473c20940
Event: 299.561 Thread 0x0000017473c1dbb0 Thread added: 0x0000017473c1dbb0
Event: 299.561 Thread 0x0000017473c22290 Thread added: 0x0000017473c22290
Event: 299.561 Thread 0x0000017473c22cb0 Thread added: 0x0000017473c22cb0
Event: 299.612 Thread 0x0000017473c22290 Thread exited: 0x0000017473c22290
Event: 299.613 Thread 0x0000017473c22cb0 Thread exited: 0x0000017473c22cb0
Event: 299.615 Thread 0x0000017473c21d80 Thread exited: 0x0000017473c21d80
Event: 299.617 Thread 0x0000017473c1dbb0 Thread exited: 0x0000017473c1dbb0
Event: 299.618 Thread 0x0000017473c227a0 Thread exited: 0x0000017473c227a0
Event: 299.621 Thread 0x0000017473c1fa10 Thread exited: 0x0000017473c1fa10
Event: 299.635 Thread 0x0000017473c20940 Thread exited: 0x0000017473c20940
Event: 299.645 Thread 0x0000017473c20430 Thread exited: 0x0000017473c20430
Event: 299.662 Thread 0x000001747aef2ba0 Thread exited: 0x000001747aef2ba0
Event: 299.747 Thread 0x000001747aef2ba0 Thread added: 0x000001747aef2ba0
Event: 300.056 Thread 0x000001747aef2ba0 Thread exited: 0x000001747aef2ba0
Event: 300.073 Thread 0x000001747aef2ba0 Thread added: 0x000001747aef2ba0
Event: 300.140 Thread 0x000001747aef2ba0 Thread exited: 0x000001747aef2ba0
Event: 300.603 Thread 0x00000174741cfa50 Thread exited: 0x00000174741cfa50


Dynamic libraries:
0x00007ff7d4450000 - 0x00007ff7d445e000 	c:\Users\quent\.vscode\extensions\redhat.java-1.23.0-win32-x64\jre\17.0.8.1-win32-x86_64\bin\java.exe
0x00007ffe1d010000 - 0x00007ffe1d224000 	C:\WINDOWS\SYSTEM32\ntdll.dll
0x00007ffe1c1f0000 - 0x00007ffe1c2b4000 	C:\WINDOWS\System32\KERNEL32.DLL
0x00007ffe1a9f0000 - 0x00007ffe1ad94000 	C:\WINDOWS\System32\KERNELBASE.dll
0x00007ffe1a3c0000 - 0x00007ffe1a4d1000 	C:\WINDOWS\System32\ucrtbase.dll
0x00007ffe0eca0000 - 0x00007ffe0ecb7000 	c:\Users\quent\.vscode\extensions\redhat.java-1.23.0-win32-x64\jre\17.0.8.1-win32-x86_64\bin\jli.dll
0x00007ffe1ada0000 - 0x00007ffe1af4e000 	C:\WINDOWS\System32\USER32.dll
0x00007ffe1a880000 - 0x00007ffe1a8a6000 	C:\WINDOWS\System32\win32u.dll
0x00007ffe1c0e0000 - 0x00007ffe1c109000 	C:\WINDOWS\System32\GDI32.dll
0x00007ffe1a760000 - 0x00007ffe1a878000 	C:\WINDOWS\System32\gdi32full.dll
0x00007ffe1a550000 - 0x00007ffe1a5ea000 	C:\WINDOWS\System32\msvcp_win.dll
0x00007ffe11170000 - 0x00007ffe11189000 	c:\Users\quent\.vscode\extensions\redhat.java-1.23.0-win32-x64\jre\17.0.8.1-win32-x86_64\bin\VCRUNTIME140.dll
0x00007ffe083a0000 - 0x00007ffe08633000 	C:\WINDOWS\WinSxS\amd64_microsoft.windows.common-controls_6595b64144ccf1df_6.0.22621.2215_none_270d72677387dfc3\COMCTL32.dll
0x00007ffe1cd30000 - 0x00007ffe1cdd7000 	C:\WINDOWS\System32\msvcrt.dll
0x00007ffe1bd00000 - 0x00007ffe1bd31000 	C:\WINDOWS\System32\IMM32.DLL
0x00007ffe117e0000 - 0x00007ffe117ec000 	c:\Users\quent\.vscode\extensions\redhat.java-1.23.0-win32-x64\jre\17.0.8.1-win32-x86_64\bin\vcruntime140_1.dll
0x00007ffdea7e0000 - 0x00007ffdea871000 	c:\Users\quent\.vscode\extensions\redhat.java-1.23.0-win32-x64\jre\17.0.8.1-win32-x86_64\bin\msvcp140.dll
0x00007ffdc5da0000 - 0x00007ffdc69ec000 	c:\Users\quent\.vscode\extensions\redhat.java-1.23.0-win32-x64\jre\17.0.8.1-win32-x86_64\bin\server\jvm.dll
0x00007ffe1c2d0000 - 0x00007ffe1c380000 	C:\WINDOWS\System32\ADVAPI32.dll
0x00007ffe1b200000 - 0x00007ffe1b2a6000 	C:\WINDOWS\System32\sechost.dll
0x00007ffe1cbb0000 - 0x00007ffe1ccc7000 	C:\WINDOWS\System32\RPCRT4.dll
0x00007ffe19270000 - 0x00007ffe192bd000 	C:\WINDOWS\SYSTEM32\POWRPROF.dll
0x00007ffe064f0000 - 0x00007ffe064f9000 	C:\WINDOWS\SYSTEM32\WSOCK32.dll
0x00007ffe1cee0000 - 0x00007ffe1cf51000 	C:\WINDOWS\System32\WS2_32.dll
0x00007ffe101c0000 - 0x00007ffe101f4000 	C:\WINDOWS\SYSTEM32\WINMM.dll
0x00007ffe0f800000 - 0x00007ffe0f80a000 	C:\WINDOWS\SYSTEM32\VERSION.dll
0x00007ffe19250000 - 0x00007ffe19263000 	C:\WINDOWS\SYSTEM32\UMPDC.dll
0x00007ffe19500000 - 0x00007ffe19518000 	C:\WINDOWS\SYSTEM32\kernel.appcore.dll
0x00007ffe102f0000 - 0x00007ffe102fa000 	c:\Users\quent\.vscode\extensions\redhat.java-1.23.0-win32-x64\jre\17.0.8.1-win32-x86_64\bin\jimage.dll
0x00007ffe14850000 - 0x00007ffe14a7e000 	C:\WINDOWS\SYSTEM32\DBGHELP.DLL
0x00007ffe1bd40000 - 0x00007ffe1c0ca000 	C:\WINDOWS\System32\combase.dll
0x00007ffe1c110000 - 0x00007ffe1c1e7000 	C:\WINDOWS\System32\OLEAUT32.dll
0x00007ffdf6f70000 - 0x00007ffdf6fa2000 	C:\WINDOWS\SYSTEM32\dbgcore.DLL
0x00007ffe1a970000 - 0x00007ffe1a9ea000 	C:\WINDOWS\System32\bcryptPrimitives.dll
0x00007ffe0ec90000 - 0x00007ffe0ec9e000 	c:\Users\quent\.vscode\extensions\redhat.java-1.23.0-win32-x64\jre\17.0.8.1-win32-x86_64\bin\instrument.dll
0x00007ffe08680000 - 0x00007ffe086a5000 	c:\Users\quent\.vscode\extensions\redhat.java-1.23.0-win32-x64\jre\17.0.8.1-win32-x86_64\bin\java.dll
0x00007ffe082f0000 - 0x00007ffe08308000 	c:\Users\quent\.vscode\extensions\redhat.java-1.23.0-win32-x64\jre\17.0.8.1-win32-x86_64\bin\zip.dll
0x00007ffe1c380000 - 0x00007ffe1cba3000 	C:\WINDOWS\System32\SHELL32.dll
0x00007ffe18360000 - 0x00007ffe18c4a000 	C:\WINDOWS\SYSTEM32\windows.storage.dll
0x00007ffe18220000 - 0x00007ffe1835e000 	C:\WINDOWS\SYSTEM32\wintypes.dll
0x00007ffe1cde0000 - 0x00007ffe1ced3000 	C:\WINDOWS\System32\SHCORE.dll
0x00007ffe1ccd0000 - 0x00007ffe1cd2e000 	C:\WINDOWS\System32\shlwapi.dll
0x00007ffe1a2f0000 - 0x00007ffe1a316000 	C:\WINDOWS\SYSTEM32\profapi.dll
0x00007ffe08290000 - 0x00007ffe082a9000 	C:\Users\quent\.vscode\extensions\redhat.java-1.23.0-win32-x64\jre\17.0.8.1-win32-x86_64\bin\net.dll
0x00007ffe11fc0000 - 0x00007ffe120f7000 	C:\WINDOWS\SYSTEM32\WINHTTP.dll
0x00007ffe19980000 - 0x00007ffe199e9000 	C:\WINDOWS\system32\mswsock.dll
0x00007ffe061d0000 - 0x00007ffe061e5000 	C:\Users\quent\.vscode\extensions\redhat.java-1.23.0-win32-x64\jre\17.0.8.1-win32-x86_64\bin\nio.dll
0x00007ffe0ebd0000 - 0x00007ffe0ebe0000 	c:\Users\quent\.vscode\extensions\redhat.java-1.23.0-win32-x64\jre\17.0.8.1-win32-x86_64\bin\verify.dll
0x00007ffdf9230000 - 0x00007ffdf926e000 	C:\Users\quent\AppData\Roaming\Code\User\globalStorage\redhat.java\1.23.0\config_win\org.eclipse.equinox.launcher\org.eclipse.equinox.launcher.win32.win32.x86_64_1.2.700.v20221108-1024\eclipse_11801.dll
0x00007ffe1b480000 - 0x00007ffe1b61e000 	C:\WINDOWS\System32\ole32.dll
0x00007ffe19be0000 - 0x00007ffe19bfb000 	C:\WINDOWS\SYSTEM32\CRYPTSP.dll
0x00007ffe19470000 - 0x00007ffe194a5000 	C:\WINDOWS\system32\rsaenh.dll
0x00007ffe19a70000 - 0x00007ffe19a9c000 	C:\WINDOWS\SYSTEM32\USERENV.dll
0x00007ffe19d90000 - 0x00007ffe19db8000 	C:\WINDOWS\SYSTEM32\bcrypt.dll
0x00007ffe19bd0000 - 0x00007ffe19bdc000 	C:\WINDOWS\SYSTEM32\CRYPTBASE.dll
0x00007ffe18ea0000 - 0x00007ffe18ecd000 	C:\WINDOWS\SYSTEM32\IPHLPAPI.DLL
0x00007ffe1bcf0000 - 0x00007ffe1bcf9000 	C:\WINDOWS\System32\NSI.dll
0x00007ffe10bc0000 - 0x00007ffe10bd9000 	C:\WINDOWS\SYSTEM32\dhcpcsvc6.DLL
0x00007ffe10900000 - 0x00007ffe1091f000 	C:\WINDOWS\SYSTEM32\dhcpcsvc.DLL
0x00007ffe18ed0000 - 0x00007ffe18fc2000 	C:\WINDOWS\SYSTEM32\DNSAPI.dll
0x00007ffdf4130000 - 0x00007ffdf4175000 	C:\Users\quent\AppData\Local\Temp\jna-107944007\jna15750114334700774682.dll
0x00007ffe1c2c0000 - 0x00007ffe1c2c8000 	C:\WINDOWS\System32\PSAPI.DLL
0x00007ffded4b0000 - 0x00007ffded4d7000 	C:\Users\quent\.gradle\native\68d5fa5c4cc2d200863cafc0d521ce42e7d3e7ee720ec0a83991735586a16f82\windows-amd64\native-platform.dll
0x00007ffe0ece0000 - 0x00007ffe0ece9000 	C:\Users\quent\.vscode\extensions\redhat.java-1.23.0-win32-x64\jre\17.0.8.1-win32-x86_64\bin\management.dll
0x00007ffe0ecd0000 - 0x00007ffe0ecdb000 	C:\Users\quent\.vscode\extensions\redhat.java-1.23.0-win32-x64\jre\17.0.8.1-win32-x86_64\bin\management_ext.dll
0x00007ffe0ecc0000 - 0x00007ffe0ecce000 	C:\Users\quent\.vscode\extensions\redhat.java-1.23.0-win32-x64\jre\17.0.8.1-win32-x86_64\bin\sunmscapi.dll
0x00007ffe1a5f0000 - 0x00007ffe1a756000 	C:\WINDOWS\System32\CRYPT32.dll
0x00007ffe19d60000 - 0x00007ffe19d8e000 	C:\WINDOWS\SYSTEM32\ncrypt.dll
0x00007ffe19d20000 - 0x00007ffe19d57000 	C:\WINDOWS\SYSTEM32\NTASN1.dll
0x00007ffdfe550000 - 0x00007ffdfe558000 	C:\WINDOWS\system32\wshunix.dll

dbghelp: loaded successfully - version: 4.0.5 - missing functions: none
symbol engine: initialized successfully - sym options: 0x614 - pdb path: .;c:\Users\quent\.vscode\extensions\redhat.java-1.23.0-win32-x64\jre\17.0.8.1-win32-x86_64\bin;C:\WINDOWS\SYSTEM32;C:\WINDOWS\WinSxS\amd64_microsoft.windows.common-controls_6595b64144ccf1df_6.0.22621.2215_none_270d72677387dfc3;c:\Users\quent\.vscode\extensions\redhat.java-1.23.0-win32-x64\jre\17.0.8.1-win32-x86_64\bin\server;C:\Users\quent\AppData\Roaming\Code\User\globalStorage\redhat.java\1.23.0\config_win\org.eclipse.equinox.launcher\org.eclipse.equinox.launcher.win32.win32.x86_64_1.2.700.v20221108-1024;C:\Users\quent\AppData\Local\Temp\jna-107944007;C:\Users\quent\.gradle\native\68d5fa5c4cc2d200863cafc0d521ce42e7d3e7ee720ec0a83991735586a16f82\windows-amd64

VM Arguments:
jvm_args: --add-modules=ALL-SYSTEM --add-opens=java.base/java.util=ALL-UNNAMED --add-opens=java.base/java.lang=ALL-UNNAMED --add-opens=java.base/sun.nio.fs=ALL-UNNAMED -Declipse.application=org.eclipse.jdt.ls.core.id1 -Dosgi.bundles.defaultStartLevel=4 -Declipse.product=org.eclipse.jdt.ls.core.product -Djava.import.generatesMetadataFilesAtProjectRoot=false -DDetectVMInstallationsJob.disabled=true -Dfile.encoding=utf8 -XX:+UseParallelGC -XX:GCTimeRatio=4 -XX:AdaptiveSizePolicyWeight=90 -Dsun.zip.disableMemoryMapping=true -Xmx1G -Xms100m -Xlog:disable -javaagent:c:\Users\quent\.vscode\extensions\redhat.java-1.23.0-win32-x64\lombok\lombok-1.18.30.jar -XX:+HeapDumpOnOutOfMemoryError -XX:HeapDumpPath=c:\Users\quent\AppData\Roaming\Code\User\workspaceStorage\f97ab88aceb030c56fd38694aa9d6646\redhat.java -Daether.dependencyCollector.impl=bf 
java_command: c:\Users\quent\.vscode\extensions\redhat.java-1.23.0-win32-x64\server\plugins\org.eclipse.equinox.launcher_1.6.500.v20230717-2134.jar -configuration c:\Users\quent\AppData\Roaming\Code\User\globalStorage\redhat.java\1.23.0\config_win -data c:\Users\quent\AppData\Roaming\Code\User\workspaceStorage\f97ab88aceb030c56fd38694aa9d6646\redhat.java\jdt_ws
java_class_path (initial): c:\Users\quent\.vscode\extensions\redhat.java-1.23.0-win32-x64\server\plugins\org.eclipse.equinox.launcher_1.6.500.v20230717-2134.jar
Launcher Type: SUN_STANDARD

[Global flags]
    uintx AdaptiveSizePolicyWeight                 = 90                                        {product} {command line}
     intx CICompilerCount                          = 4                                         {product} {ergonomic}
    uintx GCTimeRatio                              = 4                                         {product} {command line}
     bool HeapDumpOnOutOfMemoryError               = true                                   {manageable} {command line}
    ccstr HeapDumpPath                             = c:\Users\quent\AppData\Roaming\Code\User\workspaceStorage\f97ab88aceb030c56fd38694aa9d6646\redhat.java         {manageable} {command line}
   size_t InitialHeapSize                          = 104857600                                 {product} {command line}
   size_t MaxHeapSize                              = 1073741824                                {product} {command line}
   size_t MaxNewSize                               = 357564416                                 {product} {ergonomic}
   size_t MinHeapDeltaBytes                        = 524288                                    {product} {ergonomic}
   size_t MinHeapSize                              = 104857600                                 {product} {command line}
   size_t NewSize                                  = 34603008                                  {product} {ergonomic}
    uintx NonNMethodCodeHeapSize                   = 5839372                                {pd product} {ergonomic}
    uintx NonProfiledCodeHeapSize                  = 122909434                              {pd product} {ergonomic}
   size_t OldSize                                  = 70254592                                  {product} {ergonomic}
    uintx ProfiledCodeHeapSize                     = 122909434                              {pd product} {ergonomic}
    uintx ReservedCodeCacheSize                    = 251658240                              {pd product} {ergonomic}
     bool SegmentedCodeCache                       = true                                      {product} {ergonomic}
   size_t SoftMaxHeapSize                          = 1073741824                             {manageable} {ergonomic}
     bool UseCompressedClassPointers               = true                           {product lp64_product} {ergonomic}
     bool UseCompressedOops                        = true                           {product lp64_product} {ergonomic}
     bool UseLargePagesIndividualAllocation        = false                                  {pd product} {ergonomic}
     bool UseParallelGC                            = true                                      {product} {command line}

Logging:
Log output configuration:
 #0: stdout all=off uptime,level,tags
 #1: stderr all=off uptime,level,tags

Environment Variables:
JAVA_HOME=C:\Program Files\Java\jdk-19
PATH=C:\Program Files\Common Files\Oracle\Java\javapath;C:\Program Files (x86)\Common Files\Oracle\Java\javapath;C:\Program Files\Java\jdk-19\bin;C:\WINDOWS\system32;C:\WINDOWS;C:\WINDOWS\System32\Wbem;C:\WINDOWS\System32\WindowsPowerShell\v1.0\;C:\WINDOWS\System32\OpenSSH\;C:\Program Files\dotnet\;C:\Program Files\Git\cmd;C:\Users\quent\AppData\Local\Microsoft\WindowsApps;C:\Users\quent\AppData\Local\Programs\Microsoft VS Code\bin;C:\Users\quent\.dotnet\tools;C:\Users\quent\AppData\Local\atom\bin;C:\mingw32\bin;C:\SFML-2.5.1\bin;C:\Users\quent\Documents\Code\gradle-8.0.2\bin;
USERNAME=quent
OS=Windows_NT
PROCESSOR_IDENTIFIER=Intel64 Family 6 Model 142 Stepping 12, GenuineIntel
TMP=C:\Users\quent\AppData\Local\Temp
TEMP=C:\Users\quent\AppData\Local\Temp



---------------  S Y S T E M  ---------------

OS:
 Windows 11 , 64 bit Build 22621 (10.0.22621.2215)
OS uptime: 1 days 17:36 hours

CPU: total 8 (initial active 8) (4 cores per cpu, 2 threads per core) family 6 model 142 stepping 12 microcode 0xde, cx8, cmov, fxsr, ht, mmx, 3dnowpref, sse, sse2, sse3, ssse3, sse4.1, sse4.2, popcnt, lzcnt, tsc, tscinvbit, avx, avx2, aes, erms, clmul, bmi1, bmi2, adx, fma, vzeroupper, clflush, clflushopt
Processor Information for all 8 processors :
  Max Mhz: 2304, Current Mhz: 1803, Mhz Limit: 1797

Memory: 4k page, system-wide physical 7990M (496M free)
TotalPageFile size 32566M (AvailPageFile size 8M)
current process WorkingSet (physical memory assigned to process): 396M, peak: 434M
current process commit charge ("private bytes"): 508M, peak: 1047M

vm_info: OpenJDK 64-Bit Server VM (17.0.8.1+1) for windows-amd64 JRE (17.0.8.1+1), built on Aug 23 2023 15:29:17 by "admin" with MS VC++ 16.7 (VS2019)

END.
