#
# There is insufficient memory for the Java Runtime Environment to continue.
# Native memory allocation (malloc) failed to allocate 1048576 bytes for AllocateHeap
# Possible reasons:
#   The system is out of physical RAM or swap space
#   The process is running with CompressedOops enabled, and the Java Heap may be blocking the growth of the native heap
# Possible solutions:
#   Reduce memory load on the system
#   Increase physical memory or swap space
#   Check if swap backing store is full
#   Decrease Java heap size (-Xmx/-Xms)
#   Decrease number of Java threads
#   Decrease Java thread stack sizes (-Xss)
#   Set larger code cache with -XX:ReservedCodeCacheSize=
#   JVM is running with Unscaled Compressed Oops mode in which the Java heap is
#     placed in the first 4GB address space. The Java Heap base address is the
#     maximum limit for the native heap growth. Please use -XX:HeapBaseMinAddress
#     to set the Java Heap base and to place the Java Heap above 4GB virtual address.
# This output file may be truncated or incomplete.
#
#  Out of Memory Error (allocation.cpp:44), pid=3332, tid=21192
#
# JRE version:  (17.0.8.1+1) (build )
# Java VM: OpenJDK 64-Bit Server VM (17.0.8.1+1, mixed mode, tiered, compressed oops, compressed class ptrs, parallel gc, windows-amd64)
# No core dump will be written. Minidumps are not enabled by default on client versions of Windows
#

---------------  S U M M A R Y ------------

Command Line: --add-modules=ALL-SYSTEM --add-opens=java.base/java.util=ALL-UNNAMED --add-opens=java.base/java.lang=ALL-UNNAMED --add-opens=java.base/sun.nio.fs=ALL-UNNAMED -Declipse.application=org.eclipse.jdt.ls.core.id1 -Dosgi.bundles.defaultStartLevel=4 -Declipse.product=org.eclipse.jdt.ls.core.product -Djava.import.generatesMetadataFilesAtProjectRoot=false -DDetectVMInstallationsJob.disabled=true -Dfile.encoding=utf8 -XX:+UseParallelGC -XX:GCTimeRatio=4 -XX:AdaptiveSizePolicyWeight=90 -Dsun.zip.disableMemoryMapping=true -Xmx1G -Xms100m -Xlog:disable -javaagent:c:\Users\quent\.vscode\extensions\redhat.java-1.23.0-win32-x64\lombok\lombok-1.18.30.jar -XX:+HeapDumpOnOutOfMemoryError -XX:HeapDumpPath=c:\Users\quent\AppData\Roaming\Code\User\workspaceStorage\f97ab88aceb030c56fd38694aa9d6646\redhat.java -Daether.dependencyCollector.impl=bf c:\Users\quent\.vscode\extensions\redhat.java-1.23.0-win32-x64\server\plugins\org.eclipse.equinox.launcher_1.6.500.v20230717-2134.jar -configuration c:\Users\quent\AppData\Roaming\Code\User\globalStorage\redhat.java\1.23.0\config_win -data c:\Users\quent\AppData\Roaming\Code\User\workspaceStorage\f97ab88aceb030c56fd38694aa9d6646\redhat.java\jdt_ws

Host: Intel(R) Core(TM) i7-10510U CPU @ 1.80GHz, 8 cores, 7G,  Windows 11 , 64 bit Build 22621 (10.0.22621.2215)
Time: Sat Oct  7 14:37:28 2023 Paris, Madrid (heure duild 22621 (10.0.22621.2215) elapsed time: 0.039143 seconds (0d 0h 0m 0s)

---------------  T H R E A D  ---------------

Current thread (0x000001a556e279e0):  JavaThread "Unknown thread" [_thread_in_vm, id=21192, stack(0x0000000ab5e00000,0x0000000ab5f00000)]

Stack: [0x0000000ab5e00000,0x0000000ab5f00000]
Native frames: (J=compiled Java code, j=interpreted, Vv=VM code, C=native code)
V  [jvm.dll+0x678b0a]
V  [jvm.dll+0x835e84]
V  [jvm.dll+0x83762e]
V  [jvm.dll+0x837c93]
V  [jvm.dll+0x24746f]
V  [jvm.dll+0xa697b]
V  [jvm.dll+0x6b6463]
V  [jvm.dll+0x6b6fcf]
V  [jvm.dll+0x685238]
V  [jvm.dll+0x80864b]
V  [jvm.dll+0x36bba4]
V  [jvm.dll+0x7e733c]
V  [jvm.dll+0x3ee4af]
V  [jvm.dll+0x3f00c1]
C  [jli.dll+0x528b]
C  [ucrtbase.dll+0x29363]
C  [KERNEL32.DLL+0x1257d]
C  [ntdll.dll+0x5aa68]


---------------  P R O C E S S  ---------------

Threads class SMR info:
_java_thread_list=0x00007ffdd5fba018, length=0, elements={
}

Java Threads: ( => current thread )

Other Threads:
  0x000001a556e40cb0 GCTaskThread "GC Thread#0" [stack: 0x0000000ab5f00000,0x0000000ab6000000] [id=19372]

=>0x000001a556e279e0 (exited) JavaThread "Unknown thread" [_thread_in_vm, id=21192, stack(0x0000000ab5e00000,0x0000000ab5f00000)]

Threads with active compile tasks:

VM state: not at safepoint (normal execution)

VM Mutex/Monitor currently owned by a thread: None

Heap address: 0x00000000c0000000, size: 1024 MB, Compressed Oops mode: 32-bit

CDS archive(s) not mapped
Compressed class space mapped at: 0x0000000100000000-0x0000000140000000, reserved size: 1073741824
Narrow klass base: 0x0000000000000000, Narrow klass shift: 3, Narrow klass range: 0x140000000

GC Precious Log:
 CPUs: 8 total, 8 available
 Memory: 7990M
 Large Page Support: Disabled
 NUMA Support: Disabled
 Compressed Oops: Enabled (32-bit)
 Alignments: Space 512K, Generation 512K, Heap 2M
 Heap Min Capacity: 100M
 Heap Initial Capacity: 100M
 Heap Max Capacity: 1G
 Pre-touch: Disabled
 Parallel Workers: 8

Heap:
 PSYoungGen      total 29696K, used 512K [0x00000000eab00000, 0x00000000ecc00000, 0x0000000100000000)
  eden space 25600K, 2% used [0x00000000eab00000,0x00000000eab80070,0x00000000ec400000)
  from space 4096K, 0% used [0x00000000ec800000,0x00000000ec800000,0x00000000ecc00000)
  to   space 4096K, 0% used [0x00000000ec400000,0x00000000ec400000,0x00000000ec800000)
 ParOldGen       total 68608K, used 0K [0x00000000c0000000, 0x00000000c4300000, 0x00000000eab00000)
  object space 68608K, 0% used [0x00000000c0000000,0x00000000c0000000,0x00000000c4300000)
 Metaspace       used 1149K, committed 1216K, reserved 1114112K
  class space    used 101K, committed 128K, reserved 1048576K

Card table byte_map: [0x000001a5567c0000,0x000001a5569d0000] _byte_map_base: 0x000001a5561c0000

Marking Bits: (ParMarkBitMap*) 0x00007ffdd60283a0
 Begin Bits: [0x000001a568aa0000, 0x000001a569aa0000)
 End Bits:   [0x000001a569aa0000, 0x000001a56aaa0000)

Polling page: 0x000001a554da0000

Metaspace:

Usage:
  Non-class:      1.02 MB used.
      Class:    101.05 KB used.
       Both:      1.12 MB used.

Virtual space:
  Non-class space:       64.00 MB reserved,       1.06 MB (  2%) committed,  1 nodes.
      Class space:        1.00 GB reserved,     128.00 KB ( <1%) committed,  1 nodes.
             Both:        1.06 GB reserved,       1.19 MB ( <1%) committed. 

Chunk freelists:
   Non-Class:  12.00 MB
       Class:  15.75 MB
        Both:  27.75 MB

MaxMetaspaceSize: unlimited
CompressedClassSpaceSize: 1.00 GB
Initial GC threshold: 21.00 MB
Current GC threshold: 17179869184.00 GB
CDS: off
MetaspaceReclaimPolicy: balanced
 - commit_granule_bytes: 65536.
 - commit_granule_words: 8192.
 - virtual_space_node_default_size: 8388608.
 - enlarge_chunks_in_place: 1.
 - new_chunks_are_fully_committed: 0.
 - uncommit_free_chunks: 1.
 - use_allocation_guard: 0.
 - handle_deallocations: 1.


Internal statistics:

num_allocs_failed_limit: 0.
num_arena_births: 2.
num_arena_deaths: 0.
num_vsnodes_births: 2.
num_vsnodes_deaths: 0.
num_space_committed: 19.
num_space_uncommitted: 0.
num_chunks_returned_to_freelist: 0.
num_chunks_taken_from_freelist: 3.
num_chunk_merges: 0.
num_chunk_splits: 2.
num_chunks_enlarged: 0.
num_inconsistent_stats: 0.

CodeHeap 'non-profiled nmethods': size=120000Kb used=0Kb max_used=0Kb free=120000Kb
 bounds [0x000001a561570000, 0x000001a5617e0000, 0x000001a568aa0000]
CodeHeap 'profiled nmethods': size=120000Kb used=0Kb max_used=0Kb free=120000Kb
 bounds [0x000001a559aa0000, 0x000001a559d10000, 0x000001a560fd0000]
CodeHeap 'non-nmethods': size=5760Kb used=202Kb max_used=353Kb free=5557Kb
 bounds [0x000001a560fd0000, 0x000001a561240000, 0x000001a561570000]
 total_blobs=66 nmethods=0 adapters=47
 compilation: enabled
              stopped_count=0, restarted_count=0
 full_count=0

Compilation events (0 events):
No events

GC Heap History (0 events):
No events

Dll operation events (1 events):
Event: 0.010 Loaded shared library c:\Users\quent\.vscode\extensions\redhat.java-1.23.0-win32-x64\jre\17.0.8.1-win32-x86_64\bin\java.dll

Deoptimization events (0 events):
No events

Classes unloaded (0 events):
No events

Classes redefined (0 events):
No events

Internal exceptions (0 events):
No events

VM Operations (0 events):
No events

Events (20 events):
Event: 0.033 loading class java/lang/Long
Event: 0.033 loading class java/lang/Long done
Event: 0.033 loading class java/util/Iterator
Event: 0.033 loading class java/util/Iterator done
Event: 0.033 loading class java/lang/reflect/RecordComponent
Event: 0.033 loading class java/lang/reflect/RecordComponent done
Event: 0.033 loading class jdk/internal/vm/vector/VectorSupport
Event: 0.033 loading class jdk/internal/vm/vector/VectorSupport done
Event: 0.033 loading class jdk/internal/vm/vector/VectorSupport$VectorPayload
Event: 0.033 loading class jdk/internal/vm/vector/VectorSupport$VectorPayload done
Event: 0.033 loading class jdk/internal/vm/vector/VectorSupport$Vector
Event: 0.033 loading class jdk/internal/vm/vector/VectorSupport$Vector done
Event: 0.033 loading class jdk/internal/vm/vector/VectorSupport$VectorMask
Event: 0.033 loading class jdk/internal/vm/vector/VectorSupport$VectorMask done
Event: 0.033 loading class jdk/internal/vm/vector/VectorSupport$VectorShuffle
Event: 0.033 loading class jdk/internal/vm/vector/VectorSupport$VectorShuffle done
Event: 0.035 loading class java/lang/NullPointerException
Event: 0.035 loading class java/lang/NullPointerException done
Event: 0.035 loading class java/lang/ArithmeticException
Event: 0.035 loading class java/lang/ArithmeticException done


Dynamic libraries:
0x00007ff7d4450000 - 0x00007ff7d445e000 	c:\Users\quent\.vscode\extensions\redhat.java-1.23.0-win32-x64\jre\17.0.8.1-win32-x86_64\bin\java.exe
0x00007ffe1d010000 - 0x00007ffe1d224000 	C:\WINDOWS\SYSTEM32\ntdll.dll
0x00007ffe1c1f0000 - 0x00007ffe1c2b4000 	C:\WINDOWS\System32\KERNEL32.DLL
0x00007ffe1a9f0000 - 0x00007ffe1ad94000 	C:\WINDOWS\System32\KERNELBASE.dll
0x00007ffe1a3c0000 - 0x00007ffe1a4d1000 	C:\WINDOWS\System32\ucrtbase.dll
0x00007ffe14120000 - 0x00007ffe14137000 	c:\Users\quent\.vscode\extensions\redhat.java-1.23.0-win32-x64\jre\17.0.8.1-win32-x86_64\bin\jli.dll
0x00007ffe11170000 - 0x00007ffe11189000 	c:\Users\quent\.vscode\extensions\redhat.java-1.23.0-win32-x64\jre\17.0.8.1-win32-x86_64\bin\VCRUNTIME140.dll
0x00007ffe1ada0000 - 0x00007ffe1af4e000 	C:\WINDOWS\System32\USER32.dll
0x00007ffe083a0000 - 0x00007ffe08633000 	C:\WINDOWS\WinSxS\amd64_microsoft.windows.common-controls_6595b64144ccf1df_6.0.22621.2215_none_270d72677387dfc3\COMCTL32.dll
0x00007ffe1a880000 - 0x00007ffe1a8a6000 	C:\WINDOWS\System32\win32u.dll
0x00007ffe1cd30000 - 0x00007ffe1cdd7000 	C:\WINDOWS\System32\msvcrt.dll
0x00007ffe1c0e0000 - 0x00007ffe1c109000 	C:\WINDOWS\System32\GDI32.dll
0x00007ffe1a760000 - 0x00007ffe1a878000 	C:\WINDOWS\System32\gdi32full.dll
0x00007ffe1a550000 - 0x00007ffe1a5ea000 	C:\WINDOWS\System32\msvcp_win.dll
0x00007ffe1bd00000 - 0x00007ffe1bd31000 	C:\WINDOWS\System32\IMM32.DLL
0x00007ffe12980000 - 0x00007ffe1298c000 	c:\Users\quent\.vscode\extensions\redhat.java-1.23.0-win32-x64\jre\17.0.8.1-win32-x86_64\bin\vcruntime140_1.dll
0x00007ffdedc70000 - 0x00007ffdedd01000 	c:\Users\quent\.vscode\extensions\redhat.java-1.23.0-win32-x64\jre\17.0.8.1-win32-x86_64\bin\msvcp140.dll
0x00007ffdd54a0000 - 0x00007ffdd60ec000 	c:\Users\quent\.vscode\extensions\redhat.java-1.23.0-win32-x64\jre\17.0.8.1-win32-x86_64\bin\server\jvm.dll
0x00007ffe1c2d0000 - 0x00007ffe1c380000 	C:\WINDOWS\System32\ADVAPI32.dll
0x00007ffe1b200000 - 0x00007ffe1b2a6000 	C:\WINDOWS\System32\sechost.dll
0x00007ffe1cbb0000 - 0x00007ffe1ccc7000 	C:\WINDOWS\System32\RPCRT4.dll
0x00007ffe064f0000 - 0x00007ffe064f9000 	C:\WINDOWS\SYSTEM32\WSOCK32.dll
0x00007ffe19270000 - 0x00007ffe192bd000 	C:\WINDOWS\SYSTEM32\POWRPROF.dll
0x00007ffe101c0000 - 0x00007ffe101f4000 	C:\WINDOWS\SYSTEM32\WINMM.dll
0x00007ffe1cee0000 - 0x00007ffe1cf51000 	C:\WINDOWS\System32\WS2_32.dll
0x00007ffe0f800000 - 0x00007ffe0f80a000 	C:\WINDOWS\SYSTEM32\VERSION.dll
0x00007ffe19250000 - 0x00007ffe19263000 	C:\WINDOWS\SYSTEM32\UMPDC.dll
0x00007ffe19500000 - 0x00007ffe19518000 	C:\WINDOWS\SYSTEM32\kernel.appcore.dll
0x00007ffe12220000 - 0x00007ffe1222a000 	c:\Users\quent\.vscode\extensions\redhat.java-1.23.0-win32-x64\jre\17.0.8.1-win32-x86_64\bin\jimage.dll
0x00007ffe14850000 - 0x00007ffe14a7e000 	C:\WINDOWS\SYSTEM32\DBGHELP.DLL
0x00007ffe1bd40000 - 0x00007ffe1c0ca000 	C:\WINDOWS\System32\combase.dll
0x00007ffe1c110000 - 0x00007ffe1c1e7000 	C:\WINDOWS\System32\OLEAUT32.dll
0x00007ffdf6f70000 - 0x00007ffdf6fa2000 	C:\WINDOWS\SYSTEM32\dbgcore.DLL
0x00007ffe1a970000 - 0x00007ffe1a9ea000 	C:\WINDOWS\System32\bcryptPrimitives.dll
0x00007ffe117e0000 - 0x00007ffe117ee000 	c:\Users\quent\.vscode\extensions\redhat.java-1.23.0-win32-x64\jre\17.0.8.1-win32-x86_64\bin\instrument.dll
0x00007ffe102d0000 - 0x00007ffe102f5000 	c:\Users\quent\.vscode\extensions\redhat.java-1.23.0-win32-x64\jre\17.0.8.1-win32-x86_64\bin\java.dll
0x00007ffe0f6b0000 - 0x00007ffe0f6c8000 	c:\Users\quent\.vscode\extensions\redhat.java-1.23.0-win32-x64\jre\17.0.8.1-win32-x86_64\bin\zip.dll

dbghelp: loaded successfully - version: 4.0.5 - missing functions: none
symbol engine: initialized successfully - sym options: 0x614 - pdb path: .;c:\Users\quent\.vscode\extensions\redhat.java-1.23.0-win32-x64\jre\17.0.8.1-win32-x86_64\bin;C:\WINDOWS\SYSTEM32;C:\WINDOWS\WinSxS\amd64_microsoft.windows.common-controls_6595b64144ccf1df_6.0.22621.2215_none_270d72677387dfc3;c:\Users\quent\.vscode\extensions\redhat.java-1.23.0-win32-x64\jre\17.0.8.1-win32-x86_64\bin\server

VM Arguments:
jvm_args: --add-modules=ALL-SYSTEM --add-opens=java.base/java.util=ALL-UNNAMED --add-opens=java.base/java.lang=ALL-UNNAMED --add-opens=java.base/sun.nio.fs=ALL-UNNAMED -Declipse.application=org.eclipse.jdt.ls.core.id1 -Dosgi.bundles.defaultStartLevel=4 -Declipse.product=org.eclipse.jdt.ls.core.product -Djava.import.generatesMetadataFilesAtProjectRoot=false -DDetectVMInstallationsJob.disabled=true -Dfile.encoding=utf8 -XX:+UseParallelGC -XX:GCTimeRatio=4 -XX:AdaptiveSizePolicyWeight=90 -Dsun.zip.disableMemoryMapping=true -Xmx1G -Xms100m -Xlog:disable -javaagent:c:\Users\quent\.vscode\extensions\redhat.java-1.23.0-win32-x64\lombok\lombok-1.18.30.jar -XX:+HeapDumpOnOutOfMemoryError -XX:HeapDumpPath=c:\Users\quent\AppData\Roaming\Code\User\workspaceStorage\f97ab88aceb030c56fd38694aa9d6646\redhat.java -Daether.dependencyCollector.impl=bf 
java_command: c:\Users\quent\.vscode\extensions\redhat.java-1.23.0-win32-x64\server\plugins\org.eclipse.equinox.launcher_1.6.500.v20230717-2134.jar -configuration c:\Users\quent\AppData\Roaming\Code\User\globalStorage\redhat.java\1.23.0\config_win -data c:\Users\quent\AppData\Roaming\Code\User\workspaceStorage\f97ab88aceb030c56fd38694aa9d6646\redhat.java\jdt_ws
java_class_path (initial): c:\Users\quent\.vscode\extensions\redhat.java-1.23.0-win32-x64\server\plugins\org.eclipse.equinox.launcher_1.6.500.v20230717-2134.jar
Launcher Type: SUN_STANDARD

[Global flags]
    uintx AdaptiveSizePolicyWeight                 = 90                                        {product} {command line}
     intx CICompilerCount                          = 4                                         {product} {ergonomic}
    uintx GCTimeRatio                              = 4                                         {product} {command line}
     bool HeapDumpOnOutOfMemoryError               = true                                   {manageable} {command line}
    ccstr HeapDumpPath                             = c:\Users\quent\AppData\Roaming\Code\User\workspaceStorage\f97ab88aceb030c56fd38694aa9d6646\redhat.java         {manageable} {command line}
   size_t InitialHeapSize                          = 104857600                                 {product} {command line}
   size_t MaxHeapSize                              = 1073741824                                {product} {command line}
   size_t MaxNewSize                               = 357564416                                 {product} {ergonomic}
   size_t MinHeapDeltaBytes                        = 524288                                    {product} {ergonomic}
   size_t MinHeapSize                              = 104857600                                 {product} {command line}
   size_t NewSize                                  = 34603008                                  {product} {ergonomic}
    uintx NonNMethodCodeHeapSize                   = 5839372                                {pd product} {ergonomic}
    uintx NonProfiledCodeHeapSize                  = 122909434                              {pd product} {ergonomic}
   size_t OldSize                                  = 70254592                                  {product} {ergonomic}
    uintx ProfiledCodeHeapSize                     = 122909434                              {pd product} {ergonomic}
    uintx ReservedCodeCacheSize                    = 251658240                              {pd product} {ergonomic}
     bool SegmentedCodeCache                       = true                                      {product} {ergonomic}
   size_t SoftMaxHeapSize                          = 1073741824                             {manageable} {ergonomic}
     bool UseCompressedClassPointers               = true                           {product lp64_product} {ergonomic}
     bool UseCompressedOops                        = true                           {product lp64_product} {ergonomic}
     bool UseLargePagesIndividualAllocation        = false                                  {pd product} {ergonomic}
     bool UseParallelGC                            = true                                      {product} {command line}

Logging:
Log output configuration:
 #0: stdout all=off uptime,level,tags
 #1: stderr all=off uptime,level,tags

Environment Variables:
JAVA_HOME=C:\Program Files\Java\jdk-19
PATH=C:\Program Files\Common Files\Oracle\Java\javapath;C:\Program Files (x86)\Common Files\Oracle\Java\javapath;C:\Program Files\Java\jdk-19\bin;C:\WINDOWS\system32;C:\WINDOWS;C:\WINDOWS\System32\Wbem;C:\WINDOWS\System32\WindowsPowerShell\v1.0\;C:\WINDOWS\System32\OpenSSH\;C:\Program Files\dotnet\;C:\Program Files\Git\cmd;C:\Users\quent\AppData\Local\Microsoft\WindowsApps;C:\Users\quent\AppData\Local\Programs\Microsoft VS Code\bin;C:\Users\quent\.dotnet\tools;C:\Users\quent\AppData\Local\atom\bin;C:\mingw32\bin;C:\SFML-2.5.1\bin;C:\Users\quent\Documents\Code\gradle-8.0.2\bin;
USERNAME=quent
OS=Windows_NT
PROCESSOR_IDENTIFIER=Intel64 Family 6 Model 142 Stepping 12, GenuineIntel
TMP=C:\Users\quent\AppData\Local\Temp
TEMP=C:\Users\quent\AppData\Local\Temp



---------------  S Y S T E M  ---------------

OS:
 Windows 11 , 64 bit Build 22621 (10.0.22621.2215)
OS uptime: 1 days 17:36 hours

CPU: total 8 (initial active 8) (4 cores per cpu, 2 threads per core) family 6 model 142 stepping 12 microcode 0xde, cx8, cmov, fxsr, ht, mmx, 3dnowpref, sse, sse2, sse3, ssse3, sse4.1, sse4.2, popcnt, lzcnt, tsc, tscinvbit, avx, avx2, aes, erms, clmul, bmi1, bmi2, adx, fma, vzeroupper, clflush, clflushopt
Processor Information for all 8 processors :
  Max Mhz: 2304, Current Mhz: 1803, Mhz Limit: 1797

Memory: 4k page, system-wide physical 7990M (656M free)
TotalPageFile size 32566M (AvailPageFile size 6M)
current process WorkingSet (physical memory assigned to process): 16M, peak: 16M
current process commit charge ("private bytes"): 174M, peak: 175M

vm_info: OpenJDK 64-Bit Server VM (17.0.8.1+1) for windows-amd64 JRE (17.0.8.1+1), built on Aug 23 2023 15:29:17 by "admin" with MS VC++ 16.7 (VS2019)

END.
